  [1m[35m (0.8ms)[0m  [1m[34mSELECT sqlite_version(*)[0m
  [1m[35m (0.0ms)[0m  [1m[34mSELECT sqlite_version(*)[0m
  [1m[35m (0.1ms)[0m  [1m[34mSELECT sqlite_version(*)[0m
  [1m[35m (0.5ms)[0m  [1m[35mCREATE TABLE "schema_migrations" ("version" varchar NOT NULL PRIMARY KEY)[0m
  [1m[35m (0.3ms)[0m  [1m[35mCREATE TABLE "ar_internal_metadata" ("key" varchar NOT NULL PRIMARY KEY, "value" varchar, "created_at" datetime(6) NOT NULL, "updated_at" datetime(6) NOT NULL)[0m
  [1m[35m (0.0ms)[0m  [1m[34mSELECT "schema_migrations"."version" FROM "schema_migrations" ORDER BY "schema_migrations"."version" ASC[0m
Migrating to DeviseCreateUsers (20200610201130)
  [1m[35m (0.0ms)[0m  [1m[36mbegin transaction[0m
  [1m[35m (0.2ms)[0m  [1m[35mCREATE TABLE "users" ("id" integer PRIMARY KEY AUTOINCREMENT NOT NULL, "email" varchar DEFAULT '' NOT NULL, "encrypted_password" varchar DEFAULT '' NOT NULL, "reset_password_token" varchar, "reset_password_sent_at" datetime, "remember_created_at" datetime, "created_at" datetime(6) NOT NULL, "updated_at" datetime(6) NOT NULL)[0m
  [1m[35m (0.1ms)[0m  [1m[35mCREATE UNIQUE INDEX "index_users_on_email" ON "users" ("email")[0m
  [1m[35m (0.1ms)[0m  [1m[35mCREATE UNIQUE INDEX "index_users_on_reset_password_token" ON "users" ("reset_password_token")[0m
  [1m[36mActiveRecord::SchemaMigration Create (0.1ms)[0m  [1m[32mINSERT INTO "schema_migrations" ("version") VALUES (?)[0m  [["version", "20200610201130"]]
  [1m[35m (0.4ms)[0m  [1m[36mcommit transaction[0m
Migrating to CreateProjects (20200610201354)
  [1m[35m (0.0ms)[0m  [1m[36mbegin transaction[0m
  [1m[35m (0.2ms)[0m  [1m[35mCREATE TABLE "projects" ("id" integer PRIMARY KEY AUTOINCREMENT NOT NULL, "name" varchar, "description" text, "user_id" integer NOT NULL, "created_at" datetime(6) NOT NULL, "updated_at" datetime(6) NOT NULL, CONSTRAINT "fk_rails_b872a6760a"
FOREIGN KEY ("user_id")
  REFERENCES "users" ("id")
)[0m
  [1m[35m (0.0ms)[0m  [1m[35mCREATE  INDEX "index_projects_on_user_id" ON "projects" ("user_id")[0m
  [1m[36mActiveRecord::SchemaMigration Create (0.1ms)[0m  [1m[32mINSERT INTO "schema_migrations" ("version") VALUES (?)[0m  [["version", "20200610201354"]]
  [1m[35m (0.3ms)[0m  [1m[36mcommit transaction[0m
Migrating to CreateTasks (20200610201610)
  [1m[35m (0.0ms)[0m  [1m[36mbegin transaction[0m
  [1m[35m (0.1ms)[0m  [1m[35mCREATE TABLE "tasks" ("id" integer PRIMARY KEY AUTOINCREMENT NOT NULL, "name" varchar, "description" text, "status" varchar, "project_id" integer NOT NULL, "created_at" datetime(6) NOT NULL, "updated_at" datetime(6) NOT NULL, CONSTRAINT "fk_rails_02e851e3b7"
FOREIGN KEY ("project_id")
  REFERENCES "projects" ("id")
)[0m
  [1m[35m (0.0ms)[0m  [1m[35mCREATE  INDEX "index_tasks_on_project_id" ON "tasks" ("project_id")[0m
  [1m[36mActiveRecord::SchemaMigration Create (0.0ms)[0m  [1m[32mINSERT INTO "schema_migrations" ("version") VALUES (?)[0m  [["version", "20200610201610"]]
  [1m[35m (0.3ms)[0m  [1m[36mcommit transaction[0m
  [1m[36mActiveRecord::InternalMetadata Load (0.0ms)[0m  [1m[34mSELECT "ar_internal_metadata".* FROM "ar_internal_metadata" WHERE "ar_internal_metadata"."key" = ? LIMIT ?[0m  [["key", "environment"], ["LIMIT", 1]]
  [1m[35m (0.0ms)[0m  [1m[36mbegin transaction[0m
  [1m[36mActiveRecord::InternalMetadata Create (0.1ms)[0m  [1m[32mINSERT INTO "ar_internal_metadata" ("key", "value", "created_at", "updated_at") VALUES (?, ?, ?, ?)[0m  [["key", "environment"], ["value", "development"], ["created_at", "2023-04-18 20:19:23.181830"], ["updated_at", "2023-04-18 20:19:23.181830"]]
  [1m[35m (0.2ms)[0m  [1m[36mcommit transaction[0m
  [1m[35m (0.0ms)[0m  [1m[34mSELECT sqlite_version(*)[0m
  [1m[35m (0.0ms)[0m  [1m[34mSELECT "schema_migrations"."version" FROM "schema_migrations" ORDER BY "schema_migrations"."version" ASC[0m
Started GET "/" for ::1 at 2023-04-18 22:19:48 +0200
  [1m[35m (0.3ms)[0m  [1m[34mSELECT sqlite_version(*)[0m
  [1m[35m (0.1ms)[0m  [1m[34mSELECT "schema_migrations"."version" FROM "schema_migrations" ORDER BY "schema_migrations"."version" ASC[0m
Processing by ProjectsController#index as HTML
Completed 401 Unauthorized in 8ms (ActiveRecord: 0.0ms | Allocations: 4337)


Started GET "/users/sign_in" for ::1 at 2023-04-18 22:19:48 +0200
Processing by Devise::SessionsController#new as HTML
  Rendering devise/sessions/new.html.erb within layouts/application
  Rendered devise/shared/_links.html.erb (Duration: 0.6ms | Allocations: 637)
  Rendered devise/sessions/new.html.erb within layouts/application (Duration: 5.8ms | Allocations: 4382)
[Webpacker] Compiling...
[Webpacker] Compilation failed:
Hash: c604666a2ab62ca41b8e
Version: webpack 4.43.0
Time: 757ms
Built at: 04/18/2023 10:19:50 PM
                                     Asset       Size       Chunks                         Chunk Names
    js/application-a86905ea769c30cc9e85.js    135 KiB  application  [emitted] [immutable]  application
js/application-a86905ea769c30cc9e85.js.map    148 KiB  application  [emitted] [dev]        application
                             manifest.json  364 bytes               [emitted]              
Entrypoint application = js/application-a86905ea769c30cc9e85.js js/application-a86905ea769c30cc9e85.js.map
[./app/javascript/channels sync recursive _channel\.js$] ./app/javascript/channels sync _channel\.js$ 160 bytes {application} [built]
[./app/javascript/channels/index.js] 211 bytes {application} [built]
[./app/javascript/packs/application.js] 787 bytes {application} [built]
[./app/javascript/stylesheets/application.scss] 664 bytes {application} [built]
[./node_modules/css-loader/dist/cjs.js?!./node_modules/postcss-loader/src/index.js?!./node_modules/sass-loader/dist/cjs.js?!./app/javascript/stylesheets/application.scss] ./node_modules/css-loader/dist/cjs.js??ref--7-1!./node_modules/postcss-loader/src??ref--7-2!./node_modules/sass-loader/dist/cjs.js??ref--7-3!./app/javascript/stylesheets/application.scss 1.43 KiB {application} [built] [failed] [1 error]
[./node_modules/webpack/buildin/module.js] (webpack)/buildin/module.js 552 bytes {application} [built]
    + 4 hidden modules

ERROR in ./app/javascript/stylesheets/application.scss (./node_modules/css-loader/dist/cjs.js??ref--7-1!./node_modules/postcss-loader/src??ref--7-2!./node_modules/sass-loader/dist/cjs.js??ref--7-3!./app/javascript/stylesheets/application.scss)
Module build failed (from ./node_modules/sass-loader/dist/cjs.js):
Error: Node Sass does not yet support your current environment: OS X Unsupported architecture (arm64) with Unsupported runtime (111)
For more information on which environments are supported please see:
https://github.com/sass/node-sass/releases/tag/v4.14.1
    at module.exports (/Users/poornimam/Documents/GitHub/Poornima-s-Project-Management-App/node_modules/node-sass/lib/binding.js:13:13)
    at Object.<anonymous> (/Users/poornimam/Documents/GitHub/Poornima-s-Project-Management-App/node_modules/node-sass/lib/index.js:14:35)
    at Module._compile (/Users/poornimam/Documents/GitHub/Poornima-s-Project-Management-App/node_modules/v8-compile-cache/v8-compile-cache.js:192:30)
    at Module._extensions..js (node:internal/modules/cjs/loader:1329:10)
    at Module.load (node:internal/modules/cjs/loader:1133:32)
    at Module._load (node:internal/modules/cjs/loader:972:12)
    at Module.require (node:internal/modules/cjs/loader:1157:19)
    at require (/Users/poornimam/Documents/GitHub/Poornima-s-Project-Management-App/node_modules/v8-compile-cache/v8-compile-cache.js:161:20)
    at getDefaultSassImpl (/Users/poornimam/Documents/GitHub/Poornima-s-Project-Management-App/node_modules/sass-loader/dist/index.js:198:10)
    at Object.loader (/Users/poornimam/Documents/GitHub/Poornima-s-Project-Management-App/node_modules/sass-loader/dist/index.js:80:29)
 @ ./app/javascript/stylesheets/application.scss 2:26-228
 @ ./app/javascript/packs/application.js


Browserslist: caniuse-lite is outdated. Please run:
npx browserslist@latest --update-db

Completed 200 OK in 1733ms (Views: 1729.2ms | ActiveRecord: 0.3ms | Allocations: 151567)


Started GET "/users/sign_up" for ::1 at 2023-04-18 22:19:57 +0200
Processing by Devise::RegistrationsController#new as HTML
  Rendering devise/registrations/new.html.erb within layouts/application
  Rendered devise/shared/_error_messages.html.erb (Duration: 0.4ms | Allocations: 206)
  Rendered devise/shared/_links.html.erb (Duration: 0.1ms | Allocations: 133)
  Rendered devise/registrations/new.html.erb within layouts/application (Duration: 2.2ms | Allocations: 2095)
[Webpacker] Everything's up-to-date. Nothing to do
Completed 200 OK in 6ms (Views: 5.3ms | ActiveRecord: 0.0ms | Allocations: 5801)


Started POST "/users" for ::1 at 2023-04-18 22:20:05 +0200
Processing by Devise::RegistrationsController#create as HTML
  Parameters: {"authenticity_token"=>"40KBdoPJIiMWCbcF2+CL7Lpwm+gp5WYYZaZB86HuR0cCeLoLgCo+f53ktssyYU2U0dZ8QVA57mm11AKicm14JA==", "user"=>{"email"=>"poornimamani.mec@gmail.com", "password"=>"[FILTERED]", "password_confirmation"=>"[FILTERED]"}, "commit"=>"Sign up"}
  [1m[35m (0.1ms)[0m  [1m[36mbegin transaction[0m
  [1m[36mUser Exists? (0.3ms)[0m  [1m[34mSELECT 1 AS one FROM "users" WHERE "users"."email" = ? LIMIT ?[0m  [["email", "poornimamani.mec@gmail.com"], ["LIMIT", 1]]
  [1m[36mUser Create (0.8ms)[0m  [1m[32mINSERT INTO "users" ("email", "encrypted_password", "created_at", "updated_at") VALUES (?, ?, ?, ?)[0m  [["email", "poornimamani.mec@gmail.com"], ["encrypted_password", "$2a$12$HZLhTkukBEj/bOF18zMmLu3g8Q2VdxqJUbctFF/zFStHh1r88fiWC"], ["created_at", "2023-04-18 20:20:05.693327"], ["updated_at", "2023-04-18 20:20:05.693327"]]
  [1m[35m (0.3ms)[0m  [1m[36mcommit transaction[0m
Redirected to http://localhost:3000/
Completed 302 Found in 419ms (ActiveRecord: 1.4ms | Allocations: 34477)


Started GET "/" for ::1 at 2023-04-18 22:20:05 +0200
Processing by ProjectsController#index as HTML
  [1m[36mUser Load (0.1ms)[0m  [1m[34mSELECT "users".* FROM "users" WHERE "users"."id" = ? ORDER BY "users"."id" ASC LIMIT ?[0m  [["id", 1], ["LIMIT", 1]]
  Rendering projects/index.html.erb within layouts/application
  [1m[36mProject Load (0.0ms)[0m  [1m[34mSELECT "projects".* FROM "projects" WHERE "projects"."user_id" = ?[0m  [["user_id", 1]]
  ↳ app/views/projects/index.html.erb:8
  Rendered projects/index.html.erb within layouts/application (Duration: 3.1ms | Allocations: 2682)
[Webpacker] Everything's up-to-date. Nothing to do
Completed 200 OK in 13ms (Views: 5.2ms | ActiveRecord: 0.4ms | Allocations: 13198)


Started GET "/projects/new" for ::1 at 2023-04-18 22:20:07 +0200
Processing by ProjectsController#new as HTML
  [1m[36mUser Load (0.1ms)[0m  [1m[34mSELECT "users".* FROM "users" WHERE "users"."id" = ? ORDER BY "users"."id" ASC LIMIT ?[0m  [["id", 1], ["LIMIT", 1]]
  Rendering projects/new.html.erb within layouts/application
  Rendered projects/_form.html.erb (Duration: 1.8ms | Allocations: 1579)
  Rendered projects/new.html.erb within layouts/application (Duration: 2.5ms | Allocations: 1982)
[Webpacker] Everything's up-to-date. Nothing to do
Completed 200 OK in 10ms (Views: 4.4ms | ActiveRecord: 0.2ms | Allocations: 11497)


Started POST "/projects" for ::1 at 2023-04-18 22:20:18 +0200
Processing by ProjectsController#create as HTML
  Parameters: {"authenticity_token"=>"Zv29uLW75a9j0G5r4FMeveh9y3RW2TxmrquQR3shTUymekjeKIc3eCRO+Lwd4mTRIi8jm3dbX9UdyKZ4qFOwzg==", "project"=>{"name"=>"My first project", "description"=>""}, "commit"=>"Create Project"}
  [1m[36mUser Load (0.2ms)[0m  [1m[34mSELECT "users".* FROM "users" WHERE "users"."id" = ? ORDER BY "users"."id" ASC LIMIT ?[0m  [["id", 1], ["LIMIT", 1]]
  [1m[35m (0.1ms)[0m  [1m[36mbegin transaction[0m
  ↳ app/controllers/projects_controller.rb:32:in `block in create'
  [1m[36mProject Create (0.3ms)[0m  [1m[32mINSERT INTO "projects" ("name", "description", "user_id", "created_at", "updated_at") VALUES (?, ?, ?, ?, ?)[0m  [["name", "My first project"], ["description", ""], ["user_id", 1], ["created_at", "2023-04-18 20:20:18.394391"], ["updated_at", "2023-04-18 20:20:18.394391"]]
  ↳ app/controllers/projects_controller.rb:32:in `block in create'
  [1m[35m (0.3ms)[0m  [1m[36mcommit transaction[0m
  ↳ app/controllers/projects_controller.rb:32:in `block in create'
Redirected to http://localhost:3000/projects/1
Completed 302 Found in 4ms (ActiveRecord: 1.0ms | Allocations: 4684)


Started GET "/projects/1" for ::1 at 2023-04-18 22:20:18 +0200
Processing by ProjectsController#show as HTML
  Parameters: {"id"=>"1"}
  [1m[36mUser Load (0.1ms)[0m  [1m[34mSELECT "users".* FROM "users" WHERE "users"."id" = ? ORDER BY "users"."id" ASC LIMIT ?[0m  [["id", 1], ["LIMIT", 1]]
  [1m[36mProject Load (0.1ms)[0m  [1m[34mSELECT "projects".* FROM "projects" WHERE "projects"."user_id" = ? AND "projects"."id" = ? LIMIT ?[0m  [["user_id", 1], ["id", 1], ["LIMIT", 1]]
  ↳ app/controllers/projects_controller.rb:69:in `set_project'
  Rendering projects/show.html.erb within layouts/application
  [1m[36mTask Load (0.3ms)[0m  [1m[34mSELECT "tasks".* FROM "tasks" WHERE "tasks"."project_id" = ?[0m  [["project_id", 1]]
  ↳ app/views/projects/show.html.erb:38
  Rendered projects/show.html.erb within layouts/application (Duration: 2.5ms | Allocations: 2447)
[Webpacker] Everything's up-to-date. Nothing to do
Completed 200 OK in 10ms (Views: 4.1ms | ActiveRecord: 0.6ms | Allocations: 14174)


Started POST "/projects/1/tasks" for ::1 at 2023-04-18 22:20:26 +0200
Processing by TasksController#create as HTML
  Parameters: {"authenticity_token"=>"nguVu2uXxxKe7BODgRAX95iECe+Lc5SoP3HkUPDeodAS4yX05X0jEYgQHbvgqCVRkW+2yesiue6sOdgf46z31A==", "task"=>{"status"=>"not-started", "name"=>"Test Task"}, "commit"=>"Create Task", "project_id"=>"1"}
  [1m[36mUser Load (0.1ms)[0m  [1m[34mSELECT "users".* FROM "users" WHERE "users"."id" = ? ORDER BY "users"."id" ASC LIMIT ?[0m  [["id", 1], ["LIMIT", 1]]
  [1m[36mProject Load (0.1ms)[0m  [1m[34mSELECT "projects".* FROM "projects" WHERE "projects"."user_id" = ? AND "projects"."id" = ? LIMIT ?[0m  [["user_id", 1], ["id", 1], ["LIMIT", 1]]
  ↳ app/controllers/tasks_controller.rb:54:in `set_project'
  [1m[35m (0.0ms)[0m  [1m[36mbegin transaction[0m
  ↳ app/controllers/tasks_controller.rb:28:in `create'
  [1m[36mTask Create (0.2ms)[0m  [1m[32mINSERT INTO "tasks" ("name", "status", "project_id", "created_at", "updated_at") VALUES (?, ?, ?, ?, ?)[0m  [["name", "Test Task"], ["status", "not-started"], ["project_id", 1], ["created_at", "2023-04-18 20:20:26.729898"], ["updated_at", "2023-04-18 20:20:26.729898"]]
  ↳ app/controllers/tasks_controller.rb:28:in `create'
  [1m[35m (0.6ms)[0m  [1m[36mcommit transaction[0m
  ↳ app/controllers/tasks_controller.rb:28:in `create'
Redirected to http://localhost:3000/projects/1
Completed 302 Found in 5ms (ActiveRecord: 1.0ms | Allocations: 5452)


Started GET "/projects/1" for ::1 at 2023-04-18 22:20:26 +0200
Processing by ProjectsController#show as HTML
  Parameters: {"id"=>"1"}
  [1m[36mUser Load (0.1ms)[0m  [1m[34mSELECT "users".* FROM "users" WHERE "users"."id" = ? ORDER BY "users"."id" ASC LIMIT ?[0m  [["id", 1], ["LIMIT", 1]]
  [1m[36mProject Load (0.1ms)[0m  [1m[34mSELECT "projects".* FROM "projects" WHERE "projects"."user_id" = ? AND "projects"."id" = ? LIMIT ?[0m  [["user_id", 1], ["id", 1], ["LIMIT", 1]]
  ↳ app/controllers/projects_controller.rb:69:in `set_project'
  Rendering projects/show.html.erb within layouts/application
  [1m[36mTask Load (0.0ms)[0m  [1m[34mSELECT "tasks".* FROM "tasks" WHERE "tasks"."project_id" = ?[0m  [["project_id", 1]]
  ↳ app/views/projects/show.html.erb:38
  Rendered projects/show.html.erb within layouts/application (Duration: 0.9ms | Allocations: 1683)
[Webpacker] Everything's up-to-date. Nothing to do
Completed 200 OK in 7ms (Views: 2.6ms | ActiveRecord: 0.2ms | Allocations: 7061)


Started GET "/projects/1/tasks/1/edit" for ::1 at 2023-04-18 22:20:29 +0200
Processing by TasksController#edit as HTML
  Parameters: {"project_id"=>"1", "id"=>"1"}
  [1m[36mUser Load (0.1ms)[0m  [1m[34mSELECT "users".* FROM "users" WHERE "users"."id" = ? ORDER BY "users"."id" ASC LIMIT ?[0m  [["id", 1], ["LIMIT", 1]]
  [1m[36mProject Load (0.0ms)[0m  [1m[34mSELECT "projects".* FROM "projects" WHERE "projects"."user_id" = ? AND "projects"."id" = ? LIMIT ?[0m  [["user_id", 1], ["id", 1], ["LIMIT", 1]]
  ↳ app/controllers/tasks_controller.rb:54:in `set_project'
  [1m[36mTask Load (0.1ms)[0m  [1m[34mSELECT "tasks".* FROM "tasks" WHERE "tasks"."project_id" = ? AND "tasks"."id" = ? LIMIT ?[0m  [["project_id", 1], ["id", 1], ["LIMIT", 1]]
  ↳ app/controllers/tasks_controller.rb:58:in `set_task'
  Rendering tasks/edit.html.erb within layouts/application
  Rendered tasks/_form.html.erb (Duration: 2.0ms | Allocations: 2002)
  Rendered tasks/edit.html.erb within layouts/application (Duration: 3.5ms | Allocations: 2403)
[Webpacker] Everything's up-to-date. Nothing to do
Completed 200 OK in 8ms (Views: 5.9ms | ActiveRecord: 0.2ms | Allocations: 9177)


Started PATCH "/projects/1/tasks/1" for ::1 at 2023-04-18 22:20:35 +0200
Processing by TasksController#update as HTML
  Parameters: {"authenticity_token"=>"Tp2Yb1i8m7bUKoZ1I05hfj1rxvhRf+kRQ3rQ2y4t466MDDWvAzVmwYLzfyCQSNC3NwFsGBGfB4RTSkdwBANzJw==", "task"=>{"name"=>"Test Task", "description"=>"", "status"=>"in-progress"}, "commit"=>"Update Task", "project_id"=>"1", "id"=>"1"}
  [1m[36mUser Load (0.1ms)[0m  [1m[34mSELECT "users".* FROM "users" WHERE "users"."id" = ? ORDER BY "users"."id" ASC LIMIT ?[0m  [["id", 1], ["LIMIT", 1]]
  [1m[36mProject Load (0.0ms)[0m  [1m[34mSELECT "projects".* FROM "projects" WHERE "projects"."user_id" = ? AND "projects"."id" = ? LIMIT ?[0m  [["user_id", 1], ["id", 1], ["LIMIT", 1]]
  ↳ app/controllers/tasks_controller.rb:54:in `set_project'
  [1m[36mTask Load (0.0ms)[0m  [1m[34mSELECT "tasks".* FROM "tasks" WHERE "tasks"."project_id" = ? AND "tasks"."id" = ? LIMIT ?[0m  [["project_id", 1], ["id", 1], ["LIMIT", 1]]
  ↳ app/controllers/tasks_controller.rb:58:in `set_task'
DEPRECATION WARNING: update_attributes is deprecated and will be removed from Rails 6.1 (please, use update instead) (called from update at /Users/poornimam/Documents/GitHub/Poornima-s-Project-Management-App/app/controllers/tasks_controller.rb:37)
  [1m[35m (0.0ms)[0m  [1m[36mbegin transaction[0m
  ↳ app/controllers/tasks_controller.rb:37:in `update'
  [1m[36mTask Update (0.2ms)[0m  [1m[33mUPDATE "tasks" SET "description" = ?, "status" = ?, "updated_at" = ? WHERE "tasks"."id" = ?[0m  [["description", ""], ["status", "in-progress"], ["updated_at", "2023-04-18 20:20:35.649510"], ["id", 1]]
  ↳ app/controllers/tasks_controller.rb:37:in `update'
  [1m[35m (0.7ms)[0m  [1m[36mcommit transaction[0m
  ↳ app/controllers/tasks_controller.rb:37:in `update'
Redirected to http://localhost:3000/projects/1
Completed 302 Found in 5ms (ActiveRecord: 1.1ms | Allocations: 6383)


Started GET "/projects/1" for ::1 at 2023-04-18 22:20:35 +0200
Processing by ProjectsController#show as HTML
  Parameters: {"id"=>"1"}
  [1m[36mUser Load (0.1ms)[0m  [1m[34mSELECT "users".* FROM "users" WHERE "users"."id" = ? ORDER BY "users"."id" ASC LIMIT ?[0m  [["id", 1], ["LIMIT", 1]]
  [1m[36mProject Load (0.0ms)[0m  [1m[34mSELECT "projects".* FROM "projects" WHERE "projects"."user_id" = ? AND "projects"."id" = ? LIMIT ?[0m  [["user_id", 1], ["id", 1], ["LIMIT", 1]]
  ↳ app/controllers/projects_controller.rb:69:in `set_project'
  Rendering projects/show.html.erb within layouts/application
  [1m[36mTask Load (0.0ms)[0m  [1m[34mSELECT "tasks".* FROM "tasks" WHERE "tasks"."project_id" = ?[0m  [["project_id", 1]]
  ↳ app/views/projects/show.html.erb:38
  Rendered projects/show.html.erb within layouts/application (Duration: 0.9ms | Allocations: 1687)
[Webpacker] Everything's up-to-date. Nothing to do
Completed 200 OK in 4ms (Views: 2.6ms | ActiveRecord: 0.1ms | Allocations: 7069)


Started GET "/projects" for ::1 at 2023-04-18 22:20:39 +0200
Processing by ProjectsController#index as HTML
  [1m[36mUser Load (0.1ms)[0m  [1m[34mSELECT "users".* FROM "users" WHERE "users"."id" = ? ORDER BY "users"."id" ASC LIMIT ?[0m  [["id", 1], ["LIMIT", 1]]
  Rendering projects/index.html.erb within layouts/application
  [1m[36mProject Load (0.0ms)[0m  [1m[34mSELECT "projects".* FROM "projects" WHERE "projects"."user_id" = ?[0m  [["user_id", 1]]
  ↳ app/views/projects/index.html.erb:8
  [1m[36mTask Exists? (0.1ms)[0m  [1m[34mSELECT 1 AS one FROM "tasks" WHERE "tasks"."project_id" = ? LIMIT ?[0m  [["project_id", 1], ["LIMIT", 1]]
  ↳ app/models/project.rb:17:in `status'
  [1m[36mTask Load (0.0ms)[0m  [1m[34mSELECT "tasks".* FROM "tasks" WHERE "tasks"."project_id" = ?[0m  [["project_id", 1]]
  ↳ app/models/project.rb:19:in `all?'
  [1m[35m (0.0ms)[0m  [1m[34mSELECT COUNT(*) FROM "tasks" WHERE "tasks"."project_id" = ?[0m  [["project_id", 1]]
  ↳ app/models/project.rb:38:in `total_tasks'
  [1m[35mCACHE  (0.0ms)[0m  [1m[34mSELECT COUNT(*) FROM "tasks" WHERE "tasks"."project_id" = ?[0m  [["project_id", 1]]
  ↳ app/models/project.rb:38:in `total_tasks'
  Rendered projects/index.html.erb within layouts/application (Duration: 2.1ms | Allocations: 3905)
[Webpacker] Everything's up-to-date. Nothing to do
Completed 200 OK in 6ms (Views: 4.1ms | ActiveRecord: 0.3ms | Allocations: 8223)


Started GET "/projects/1" for ::1 at 2023-04-18 22:25:50 +0200
Processing by ProjectsController#show as HTML
  Parameters: {"id"=>"1"}
  [1m[36mUser Load (0.1ms)[0m  [1m[34mSELECT "users".* FROM "users" WHERE "users"."id" = ? ORDER BY "users"."id" ASC LIMIT ?[0m  [["id", 1], ["LIMIT", 1]]
  [1m[36mProject Load (0.0ms)[0m  [1m[34mSELECT "projects".* FROM "projects" WHERE "projects"."user_id" = ? AND "projects"."id" = ? LIMIT ?[0m  [["user_id", 1], ["id", 1], ["LIMIT", 1]]
  ↳ app/controllers/projects_controller.rb:69:in `set_project'
  Rendering projects/show.html.erb within layouts/application
  [1m[36mTask Load (0.0ms)[0m  [1m[34mSELECT "tasks".* FROM "tasks" WHERE "tasks"."project_id" = ?[0m  [["project_id", 1]]
  ↳ app/views/projects/show.html.erb:38
  Rendered projects/show.html.erb within layouts/application (Duration: 1.1ms | Allocations: 1671)
[Webpacker] Everything's up-to-date. Nothing to do
Completed 200 OK in 7ms (Views: 4.9ms | ActiveRecord: 0.2ms | Allocations: 7050)


Started GET "/projects" for ::1 at 2023-04-18 22:25:55 +0200
Processing by ProjectsController#index as HTML
  [1m[36mUser Load (0.1ms)[0m  [1m[34mSELECT "users".* FROM "users" WHERE "users"."id" = ? ORDER BY "users"."id" ASC LIMIT ?[0m  [["id", 1], ["LIMIT", 1]]
  Rendering projects/index.html.erb within layouts/application
  [1m[36mProject Load (0.0ms)[0m  [1m[34mSELECT "projects".* FROM "projects" WHERE "projects"."user_id" = ?[0m  [["user_id", 1]]
  ↳ app/views/projects/index.html.erb:8
  [1m[36mTask Exists? (0.1ms)[0m  [1m[34mSELECT 1 AS one FROM "tasks" WHERE "tasks"."project_id" = ? LIMIT ?[0m  [["project_id", 1], ["LIMIT", 1]]
  ↳ app/models/project.rb:17:in `status'
  [1m[36mTask Load (0.0ms)[0m  [1m[34mSELECT "tasks".* FROM "tasks" WHERE "tasks"."project_id" = ?[0m  [["project_id", 1]]
  ↳ app/models/project.rb:19:in `all?'
  [1m[35m (0.0ms)[0m  [1m[34mSELECT COUNT(*) FROM "tasks" WHERE "tasks"."project_id" = ?[0m  [["project_id", 1]]
  ↳ app/models/project.rb:38:in `total_tasks'
  [1m[35mCACHE  (0.0ms)[0m  [1m[34mSELECT COUNT(*) FROM "tasks" WHERE "tasks"."project_id" = ?[0m  [["project_id", 1]]
  ↳ app/models/project.rb:38:in `total_tasks'
  Rendered projects/index.html.erb within layouts/application (Duration: 2.0ms | Allocations: 3837)
[Webpacker] Everything's up-to-date. Nothing to do
Completed 200 OK in 5ms (Views: 3.9ms | ActiveRecord: 0.3ms | Allocations: 8141)


Started GET "/projects" for ::1 at 2023-04-18 22:27:30 +0200
Processing by ProjectsController#index as HTML
  [1m[36mUser Load (0.3ms)[0m  [1m[34mSELECT "users".* FROM "users" WHERE "users"."id" = ? ORDER BY "users"."id" ASC LIMIT ?[0m  [["id", 1], ["LIMIT", 1]]
  Rendering projects/index.html.erb within layouts/application
  [1m[36mProject Load (0.0ms)[0m  [1m[34mSELECT "projects".* FROM "projects" WHERE "projects"."user_id" = ?[0m  [["user_id", 1]]
  ↳ app/views/projects/index.html.erb:8
  [1m[36mTask Exists? (0.1ms)[0m  [1m[34mSELECT 1 AS one FROM "tasks" WHERE "tasks"."project_id" = ? LIMIT ?[0m  [["project_id", 1], ["LIMIT", 1]]
  ↳ app/models/project.rb:17:in `status'
  [1m[36mTask Load (0.0ms)[0m  [1m[34mSELECT "tasks".* FROM "tasks" WHERE "tasks"."project_id" = ?[0m  [["project_id", 1]]
  ↳ app/models/project.rb:19:in `all?'
  [1m[35m (0.0ms)[0m  [1m[34mSELECT COUNT(*) FROM "tasks" WHERE "tasks"."project_id" = ?[0m  [["project_id", 1]]
  ↳ app/models/project.rb:38:in `total_tasks'
  [1m[35mCACHE  (0.0ms)[0m  [1m[34mSELECT COUNT(*) FROM "tasks" WHERE "tasks"."project_id" = ?[0m  [["project_id", 1]]
  ↳ app/models/project.rb:38:in `total_tasks'
  Rendered projects/index.html.erb within layouts/application (Duration: 2.0ms | Allocations: 3836)
[Webpacker] Everything's up-to-date. Nothing to do
Completed 200 OK in 7ms (Views: 5.5ms | ActiveRecord: 0.4ms | Allocations: 8154)


Started GET "/projects/1" for ::1 at 2023-04-18 22:27:36 +0200
Processing by ProjectsController#show as HTML
  Parameters: {"id"=>"1"}
  [1m[36mUser Load (0.1ms)[0m  [1m[34mSELECT "users".* FROM "users" WHERE "users"."id" = ? ORDER BY "users"."id" ASC LIMIT ?[0m  [["id", 1], ["LIMIT", 1]]
  [1m[36mProject Load (0.0ms)[0m  [1m[34mSELECT "projects".* FROM "projects" WHERE "projects"."user_id" = ? AND "projects"."id" = ? LIMIT ?[0m  [["user_id", 1], ["id", 1], ["LIMIT", 1]]
  ↳ app/controllers/projects_controller.rb:69:in `set_project'
  Rendering projects/show.html.erb within layouts/application
  [1m[36mTask Load (0.0ms)[0m  [1m[34mSELECT "tasks".* FROM "tasks" WHERE "tasks"."project_id" = ?[0m  [["project_id", 1]]
  ↳ app/views/projects/show.html.erb:38
  Rendered projects/show.html.erb within layouts/application (Duration: 1.0ms | Allocations: 1671)
[Webpacker] Everything's up-to-date. Nothing to do
Completed 200 OK in 6ms (Views: 4.2ms | ActiveRecord: 0.2ms | Allocations: 7050)


Started POST "/projects/1/tasks" for ::1 at 2023-04-18 22:27:45 +0200
Processing by TasksController#create as HTML
  Parameters: {"authenticity_token"=>"+TUwbrnBsAUla7rhgSVyQc668sA5TvZdDBqdCqUZZ5t13YAhNytUBjOXtNngnUDnx1FN5lkf2xufUqFFtmsxnw==", "task"=>{"status"=>"not-started", "name"=>""}, "commit"=>"Create Task", "project_id"=>"1"}
  [1m[36mUser Load (0.1ms)[0m  [1m[34mSELECT "users".* FROM "users" WHERE "users"."id" = ? ORDER BY "users"."id" ASC LIMIT ?[0m  [["id", 1], ["LIMIT", 1]]
  [1m[36mProject Load (0.0ms)[0m  [1m[34mSELECT "projects".* FROM "projects" WHERE "projects"."user_id" = ? AND "projects"."id" = ? LIMIT ?[0m  [["user_id", 1], ["id", 1], ["LIMIT", 1]]
  ↳ app/controllers/tasks_controller.rb:54:in `set_project'
  [1m[35m (0.0ms)[0m  [1m[36mbegin transaction[0m
  ↳ app/controllers/tasks_controller.rb:28:in `create'
  [1m[36mTask Create (0.5ms)[0m  [1m[32mINSERT INTO "tasks" ("name", "status", "project_id", "created_at", "updated_at") VALUES (?, ?, ?, ?, ?)[0m  [["name", ""], ["status", "not-started"], ["project_id", 1], ["created_at", "2023-04-18 20:27:45.123161"], ["updated_at", "2023-04-18 20:27:45.123161"]]
  ↳ app/controllers/tasks_controller.rb:28:in `create'
  [1m[35m (0.4ms)[0m  [1m[36mcommit transaction[0m
  ↳ app/controllers/tasks_controller.rb:28:in `create'
Redirected to http://localhost:3000/projects/1
Completed 302 Found in 4ms (ActiveRecord: 1.0ms | Allocations: 5308)


Started GET "/projects/1" for ::1 at 2023-04-18 22:27:45 +0200
Processing by ProjectsController#show as HTML
  Parameters: {"id"=>"1"}
  [1m[36mUser Load (0.1ms)[0m  [1m[34mSELECT "users".* FROM "users" WHERE "users"."id" = ? ORDER BY "users"."id" ASC LIMIT ?[0m  [["id", 1], ["LIMIT", 1]]
  [1m[36mProject Load (0.0ms)[0m  [1m[34mSELECT "projects".* FROM "projects" WHERE "projects"."user_id" = ? AND "projects"."id" = ? LIMIT ?[0m  [["user_id", 1], ["id", 1], ["LIMIT", 1]]
  ↳ app/controllers/projects_controller.rb:69:in `set_project'
  Rendering projects/show.html.erb within layouts/application
  [1m[36mTask Load (0.0ms)[0m  [1m[34mSELECT "tasks".* FROM "tasks" WHERE "tasks"."project_id" = ?[0m  [["project_id", 1]]
  ↳ app/views/projects/show.html.erb:38
  Rendered projects/show.html.erb within layouts/application (Duration: 1.0ms | Allocations: 1886)
[Webpacker] Everything's up-to-date. Nothing to do
Completed 200 OK in 4ms (Views: 2.6ms | ActiveRecord: 0.1ms | Allocations: 7258)


Started GET "/projects/1/tasks/2/edit" for ::1 at 2023-04-18 22:27:47 +0200
Processing by TasksController#edit as HTML
  Parameters: {"project_id"=>"1", "id"=>"2"}
  [1m[36mUser Load (0.1ms)[0m  [1m[34mSELECT "users".* FROM "users" WHERE "users"."id" = ? ORDER BY "users"."id" ASC LIMIT ?[0m  [["id", 1], ["LIMIT", 1]]
  [1m[36mProject Load (0.0ms)[0m  [1m[34mSELECT "projects".* FROM "projects" WHERE "projects"."user_id" = ? AND "projects"."id" = ? LIMIT ?[0m  [["user_id", 1], ["id", 1], ["LIMIT", 1]]
  ↳ app/controllers/tasks_controller.rb:54:in `set_project'
  [1m[36mTask Load (0.0ms)[0m  [1m[34mSELECT "tasks".* FROM "tasks" WHERE "tasks"."project_id" = ? AND "tasks"."id" = ? LIMIT ?[0m  [["project_id", 1], ["id", 2], ["LIMIT", 1]]
  ↳ app/controllers/tasks_controller.rb:58:in `set_task'
  Rendering tasks/edit.html.erb within layouts/application
  Rendered tasks/_form.html.erb (Duration: 0.7ms | Allocations: 1300)
  Rendered tasks/edit.html.erb within layouts/application (Duration: 0.9ms | Allocations: 1435)
[Webpacker] Everything's up-to-date. Nothing to do
Completed 200 OK in 5ms (Views: 2.7ms | ActiveRecord: 0.2ms | Allocations: 7510)


Started PATCH "/projects/1/tasks/2" for ::1 at 2023-04-18 22:28:02 +0200
Processing by TasksController#update as HTML
  Parameters: {"authenticity_token"=>"r3dthtG+bfNvyREXlhDB0DVde/2skQgdZ8zwT3O3nRCOQ0zPkUCCxGxetik2GEQQOOFAMOqL3ZtfgvnQjr9svA==", "task"=>{"name"=>"New Task 1", "description"=>"This is a new task", "status"=>"not-started"}, "commit"=>"Update Task", "project_id"=>"1", "id"=>"2"}
  [1m[36mUser Load (0.1ms)[0m  [1m[34mSELECT "users".* FROM "users" WHERE "users"."id" = ? ORDER BY "users"."id" ASC LIMIT ?[0m  [["id", 1], ["LIMIT", 1]]
  [1m[36mProject Load (0.0ms)[0m  [1m[34mSELECT "projects".* FROM "projects" WHERE "projects"."user_id" = ? AND "projects"."id" = ? LIMIT ?[0m  [["user_id", 1], ["id", 1], ["LIMIT", 1]]
  ↳ app/controllers/tasks_controller.rb:54:in `set_project'
  [1m[36mTask Load (0.0ms)[0m  [1m[34mSELECT "tasks".* FROM "tasks" WHERE "tasks"."project_id" = ? AND "tasks"."id" = ? LIMIT ?[0m  [["project_id", 1], ["id", 2], ["LIMIT", 1]]
  ↳ app/controllers/tasks_controller.rb:58:in `set_task'
DEPRECATION WARNING: update_attributes is deprecated and will be removed from Rails 6.1 (please, use update instead) (called from update at /Users/poornimam/Documents/GitHub/Poornima-s-Project-Management-App/app/controllers/tasks_controller.rb:37)
  [1m[35m (0.0ms)[0m  [1m[36mbegin transaction[0m
  ↳ app/controllers/tasks_controller.rb:37:in `update'
  [1m[36mTask Update (0.2ms)[0m  [1m[33mUPDATE "tasks" SET "name" = ?, "description" = ?, "updated_at" = ? WHERE "tasks"."id" = ?[0m  [["name", "New Task 1"], ["description", "This is a new task"], ["updated_at", "2023-04-18 20:28:02.042442"], ["id", 2]]
  ↳ app/controllers/tasks_controller.rb:37:in `update'
  [1m[35m (0.4ms)[0m  [1m[36mcommit transaction[0m
  ↳ app/controllers/tasks_controller.rb:37:in `update'
Redirected to http://localhost:3000/projects/1
Completed 302 Found in 4ms (ActiveRecord: 0.8ms | Allocations: 6323)


Started GET "/projects/1" for ::1 at 2023-04-18 22:28:02 +0200
Processing by ProjectsController#show as HTML
  Parameters: {"id"=>"1"}
  [1m[36mUser Load (0.1ms)[0m  [1m[34mSELECT "users".* FROM "users" WHERE "users"."id" = ? ORDER BY "users"."id" ASC LIMIT ?[0m  [["id", 1], ["LIMIT", 1]]
  [1m[36mProject Load (0.0ms)[0m  [1m[34mSELECT "projects".* FROM "projects" WHERE "projects"."user_id" = ? AND "projects"."id" = ? LIMIT ?[0m  [["user_id", 1], ["id", 1], ["LIMIT", 1]]
  ↳ app/controllers/projects_controller.rb:69:in `set_project'
  Rendering projects/show.html.erb within layouts/application
  [1m[36mTask Load (0.0ms)[0m  [1m[34mSELECT "tasks".* FROM "tasks" WHERE "tasks"."project_id" = ?[0m  [["project_id", 1]]
  ↳ app/views/projects/show.html.erb:38
  Rendered projects/show.html.erb within layouts/application (Duration: 1.0ms | Allocations: 1889)
[Webpacker] Everything's up-to-date. Nothing to do
Completed 200 OK in 7ms (Views: 5.3ms | ActiveRecord: 0.1ms | Allocations: 18232)


Started GET "/projects" for ::1 at 2023-04-18 22:28:05 +0200
Processing by ProjectsController#index as HTML
  [1m[36mUser Load (0.1ms)[0m  [1m[34mSELECT "users".* FROM "users" WHERE "users"."id" = ? ORDER BY "users"."id" ASC LIMIT ?[0m  [["id", 1], ["LIMIT", 1]]
  Rendering projects/index.html.erb within layouts/application
  [1m[36mProject Load (0.1ms)[0m  [1m[34mSELECT "projects".* FROM "projects" WHERE "projects"."user_id" = ?[0m  [["user_id", 1]]
  ↳ app/views/projects/index.html.erb:8
  [1m[36mTask Exists? (0.1ms)[0m  [1m[34mSELECT 1 AS one FROM "tasks" WHERE "tasks"."project_id" = ? LIMIT ?[0m  [["project_id", 1], ["LIMIT", 1]]
  ↳ app/models/project.rb:17:in `status'
  [1m[36mTask Load (0.0ms)[0m  [1m[34mSELECT "tasks".* FROM "tasks" WHERE "tasks"."project_id" = ?[0m  [["project_id", 1]]
  ↳ app/models/project.rb:19:in `all?'
  [1m[35m (0.0ms)[0m  [1m[34mSELECT COUNT(*) FROM "tasks" WHERE "tasks"."project_id" = ?[0m  [["project_id", 1]]
  ↳ app/models/project.rb:38:in `total_tasks'
  [1m[35mCACHE  (0.0ms)[0m  [1m[34mSELECT COUNT(*) FROM "tasks" WHERE "tasks"."project_id" = ?[0m  [["project_id", 1]]
  ↳ app/models/project.rb:38:in `total_tasks'
  Rendered projects/index.html.erb within layouts/application (Duration: 2.2ms | Allocations: 3858)
[Webpacker] Everything's up-to-date. Nothing to do
Completed 200 OK in 5ms (Views: 3.9ms | ActiveRecord: 0.3ms | Allocations: 8154)


Started GET "/" for ::1 at 2023-04-18 22:28:09 +0200
Processing by ProjectsController#index as HTML
  [1m[36mUser Load (0.1ms)[0m  [1m[34mSELECT "users".* FROM "users" WHERE "users"."id" = ? ORDER BY "users"."id" ASC LIMIT ?[0m  [["id", 1], ["LIMIT", 1]]
  Rendering projects/index.html.erb within layouts/application
  [1m[36mProject Load (0.1ms)[0m  [1m[34mSELECT "projects".* FROM "projects" WHERE "projects"."user_id" = ?[0m  [["user_id", 1]]
  ↳ app/views/projects/index.html.erb:8
  [1m[36mTask Exists? (0.1ms)[0m  [1m[34mSELECT 1 AS one FROM "tasks" WHERE "tasks"."project_id" = ? LIMIT ?[0m  [["project_id", 1], ["LIMIT", 1]]
  ↳ app/models/project.rb:17:in `status'
  [1m[36mTask Load (0.0ms)[0m  [1m[34mSELECT "tasks".* FROM "tasks" WHERE "tasks"."project_id" = ?[0m  [["project_id", 1]]
  ↳ app/models/project.rb:19:in `all?'
  [1m[35m (0.0ms)[0m  [1m[34mSELECT COUNT(*) FROM "tasks" WHERE "tasks"."project_id" = ?[0m  [["project_id", 1]]
  ↳ app/models/project.rb:38:in `total_tasks'
  [1m[35mCACHE  (0.0ms)[0m  [1m[34mSELECT COUNT(*) FROM "tasks" WHERE "tasks"."project_id" = ?[0m  [["project_id", 1]]
  ↳ app/models/project.rb:38:in `total_tasks'
  Rendered projects/index.html.erb within layouts/application (Duration: 2.2ms | Allocations: 3858)
[Webpacker] Everything's up-to-date. Nothing to do
Completed 200 OK in 6ms (Views: 4.1ms | ActiveRecord: 0.3ms | Allocations: 8156)


Started GET "/" for ::1 at 2023-04-18 22:28:13 +0200
Processing by ProjectsController#index as HTML
  [1m[36mUser Load (0.1ms)[0m  [1m[34mSELECT "users".* FROM "users" WHERE "users"."id" = ? ORDER BY "users"."id" ASC LIMIT ?[0m  [["id", 1], ["LIMIT", 1]]
  Rendering projects/index.html.erb within layouts/application
  [1m[36mProject Load (0.3ms)[0m  [1m[34mSELECT "projects".* FROM "projects" WHERE "projects"."user_id" = ?[0m  [["user_id", 1]]
  ↳ app/views/projects/index.html.erb:8
  [1m[36mTask Exists? (0.1ms)[0m  [1m[34mSELECT 1 AS one FROM "tasks" WHERE "tasks"."project_id" = ? LIMIT ?[0m  [["project_id", 1], ["LIMIT", 1]]
  ↳ app/models/project.rb:17:in `status'
  [1m[36mTask Load (0.0ms)[0m  [1m[34mSELECT "tasks".* FROM "tasks" WHERE "tasks"."project_id" = ?[0m  [["project_id", 1]]
  ↳ app/models/project.rb:19:in `all?'
  [1m[35m (0.1ms)[0m  [1m[34mSELECT COUNT(*) FROM "tasks" WHERE "tasks"."project_id" = ?[0m  [["project_id", 1]]
  ↳ app/models/project.rb:38:in `total_tasks'
  [1m[35mCACHE  (0.0ms)[0m  [1m[34mSELECT COUNT(*) FROM "tasks" WHERE "tasks"."project_id" = ?[0m  [["project_id", 1]]
  ↳ app/models/project.rb:38:in `total_tasks'
  Rendered projects/index.html.erb within layouts/application (Duration: 3.2ms | Allocations: 3858)
[Webpacker] Everything's up-to-date. Nothing to do
Completed 200 OK in 7ms (Views: 5.1ms | ActiveRecord: 0.6ms | Allocations: 8190)


Started GET "/projects/1" for ::1 at 2023-04-18 22:28:15 +0200
Processing by ProjectsController#show as HTML
  Parameters: {"id"=>"1"}
  [1m[36mUser Load (0.1ms)[0m  [1m[34mSELECT "users".* FROM "users" WHERE "users"."id" = ? ORDER BY "users"."id" ASC LIMIT ?[0m  [["id", 1], ["LIMIT", 1]]
  [1m[36mProject Load (0.0ms)[0m  [1m[34mSELECT "projects".* FROM "projects" WHERE "projects"."user_id" = ? AND "projects"."id" = ? LIMIT ?[0m  [["user_id", 1], ["id", 1], ["LIMIT", 1]]
  ↳ app/controllers/projects_controller.rb:69:in `set_project'
  Rendering projects/show.html.erb within layouts/application
  [1m[36mTask Load (0.0ms)[0m  [1m[34mSELECT "tasks".* FROM "tasks" WHERE "tasks"."project_id" = ?[0m  [["project_id", 1]]
  ↳ app/views/projects/show.html.erb:38
  Rendered projects/show.html.erb within layouts/application (Duration: 1.0ms | Allocations: 1889)
[Webpacker] Everything's up-to-date. Nothing to do
Completed 200 OK in 5ms (Views: 2.8ms | ActiveRecord: 0.2ms | Allocations: 7272)


Started GET "/projects" for ::1 at 2023-04-18 22:28:19 +0200
Processing by ProjectsController#index as HTML
  [1m[36mUser Load (0.1ms)[0m  [1m[34mSELECT "users".* FROM "users" WHERE "users"."id" = ? ORDER BY "users"."id" ASC LIMIT ?[0m  [["id", 1], ["LIMIT", 1]]
  Rendering projects/index.html.erb within layouts/application
  [1m[36mProject Load (0.0ms)[0m  [1m[34mSELECT "projects".* FROM "projects" WHERE "projects"."user_id" = ?[0m  [["user_id", 1]]
  ↳ app/views/projects/index.html.erb:8
  [1m[36mTask Exists? (0.2ms)[0m  [1m[34mSELECT 1 AS one FROM "tasks" WHERE "tasks"."project_id" = ? LIMIT ?[0m  [["project_id", 1], ["LIMIT", 1]]
  ↳ app/models/project.rb:17:in `status'
  [1m[36mTask Load (0.0ms)[0m  [1m[34mSELECT "tasks".* FROM "tasks" WHERE "tasks"."project_id" = ?[0m  [["project_id", 1]]
  ↳ app/models/project.rb:19:in `all?'
  [1m[35m (0.1ms)[0m  [1m[34mSELECT COUNT(*) FROM "tasks" WHERE "tasks"."project_id" = ?[0m  [["project_id", 1]]
  ↳ app/models/project.rb:38:in `total_tasks'
  [1m[35mCACHE  (0.0ms)[0m  [1m[34mSELECT COUNT(*) FROM "tasks" WHERE "tasks"."project_id" = ?[0m  [["project_id", 1]]
  ↳ app/models/project.rb:38:in `total_tasks'
  Rendered projects/index.html.erb within layouts/application (Duration: 2.2ms | Allocations: 3858)
[Webpacker] Everything's up-to-date. Nothing to do
Completed 200 OK in 5ms (Views: 3.9ms | ActiveRecord: 0.4ms | Allocations: 8160)


Started GET "/" for ::1 at 2023-04-18 22:28:29 +0200
  [1m[35m (0.3ms)[0m  [1m[34mSELECT sqlite_version(*)[0m
  [1m[35m (0.1ms)[0m  [1m[34mSELECT "schema_migrations"."version" FROM "schema_migrations" ORDER BY "schema_migrations"."version" ASC[0m
Processing by ProjectsController#index as HTML
  [1m[36mUser Load (0.2ms)[0m  [1m[34mSELECT "users".* FROM "users" WHERE "users"."id" = ? ORDER BY "users"."id" ASC LIMIT ?[0m  [["id", 1], ["LIMIT", 1]]
  Rendering projects/index.html.erb within layouts/application
  [1m[36mProject Load (0.1ms)[0m  [1m[34mSELECT "projects".* FROM "projects" WHERE "projects"."user_id" = ?[0m  [["user_id", 1]]
  ↳ app/views/projects/index.html.erb:8
  [1m[36mTask Exists? (0.1ms)[0m  [1m[34mSELECT 1 AS one FROM "tasks" WHERE "tasks"."project_id" = ? LIMIT ?[0m  [["project_id", 1], ["LIMIT", 1]]
  ↳ app/models/project.rb:17:in `status'
  [1m[36mTask Load (0.1ms)[0m  [1m[34mSELECT "tasks".* FROM "tasks" WHERE "tasks"."project_id" = ?[0m  [["project_id", 1]]
  ↳ app/models/project.rb:19:in `all?'
  [1m[35m (0.1ms)[0m  [1m[34mSELECT COUNT(*) FROM "tasks" WHERE "tasks"."project_id" = ?[0m  [["project_id", 1]]
  ↳ app/models/project.rb:38:in `total_tasks'
  [1m[35mCACHE  (0.0ms)[0m  [1m[34mSELECT COUNT(*) FROM "tasks" WHERE "tasks"."project_id" = ?[0m  [["project_id", 1]]
  ↳ app/models/project.rb:38:in `total_tasks'
  Rendered projects/index.html.erb within layouts/application (Duration: 11.9ms | Allocations: 17102)
[Webpacker] Everything's up-to-date. Nothing to do
Completed 200 OK in 37ms (Views: 19.6ms | ActiveRecord: 1.2ms | Allocations: 55452)


Started GET "/projects/1" for ::1 at 2023-04-18 22:28:30 +0200
Processing by ProjectsController#show as HTML
  Parameters: {"id"=>"1"}
  [1m[36mUser Load (0.1ms)[0m  [1m[34mSELECT "users".* FROM "users" WHERE "users"."id" = ? ORDER BY "users"."id" ASC LIMIT ?[0m  [["id", 1], ["LIMIT", 1]]
  [1m[36mProject Load (0.1ms)[0m  [1m[34mSELECT "projects".* FROM "projects" WHERE "projects"."user_id" = ? AND "projects"."id" = ? LIMIT ?[0m  [["user_id", 1], ["id", 1], ["LIMIT", 1]]
  ↳ app/controllers/projects_controller.rb:69:in `set_project'
  Rendering projects/show.html.erb within layouts/application
  [1m[36mTask Load (0.1ms)[0m  [1m[34mSELECT "tasks".* FROM "tasks" WHERE "tasks"."project_id" = ?[0m  [["project_id", 1]]
  ↳ app/views/projects/show.html.erb:38
  Rendered projects/show.html.erb within layouts/application (Duration: 4.3ms | Allocations: 4620)
[Webpacker] Everything's up-to-date. Nothing to do
Completed 200 OK in 8ms (Views: 5.9ms | ActiveRecord: 0.2ms | Allocations: 10205)


Started GET "/projects" for ::1 at 2023-04-18 22:28:37 +0200
Processing by ProjectsController#index as HTML
  [1m[36mUser Load (0.1ms)[0m  [1m[34mSELECT "users".* FROM "users" WHERE "users"."id" = ? ORDER BY "users"."id" ASC LIMIT ?[0m  [["id", 1], ["LIMIT", 1]]
  Rendering projects/index.html.erb within layouts/application
  [1m[36mProject Load (0.1ms)[0m  [1m[34mSELECT "projects".* FROM "projects" WHERE "projects"."user_id" = ?[0m  [["user_id", 1]]
  ↳ app/views/projects/index.html.erb:8
  [1m[36mTask Exists? (0.1ms)[0m  [1m[34mSELECT 1 AS one FROM "tasks" WHERE "tasks"."project_id" = ? LIMIT ?[0m  [["project_id", 1], ["LIMIT", 1]]
  ↳ app/models/project.rb:17:in `status'
  [1m[36mTask Load (0.0ms)[0m  [1m[34mSELECT "tasks".* FROM "tasks" WHERE "tasks"."project_id" = ?[0m  [["project_id", 1]]
  ↳ app/models/project.rb:19:in `all?'
  [1m[35m (0.1ms)[0m  [1m[34mSELECT COUNT(*) FROM "tasks" WHERE "tasks"."project_id" = ?[0m  [["project_id", 1]]
  ↳ app/models/project.rb:38:in `total_tasks'
  [1m[35mCACHE  (0.0ms)[0m  [1m[34mSELECT COUNT(*) FROM "tasks" WHERE "tasks"."project_id" = ?[0m  [["project_id", 1]]
  ↳ app/models/project.rb:38:in `total_tasks'
  Rendered projects/index.html.erb within layouts/application (Duration: 2.2ms | Allocations: 3861)
[Webpacker] Everything's up-to-date. Nothing to do
Completed 200 OK in 6ms (Views: 4.1ms | ActiveRecord: 0.3ms | Allocations: 8190)


Started GET "/projects/1" for ::1 at 2023-04-18 22:28:38 +0200
Processing by ProjectsController#show as HTML
  Parameters: {"id"=>"1"}
  [1m[36mUser Load (0.1ms)[0m  [1m[34mSELECT "users".* FROM "users" WHERE "users"."id" = ? ORDER BY "users"."id" ASC LIMIT ?[0m  [["id", 1], ["LIMIT", 1]]
  [1m[36mProject Load (0.0ms)[0m  [1m[34mSELECT "projects".* FROM "projects" WHERE "projects"."user_id" = ? AND "projects"."id" = ? LIMIT ?[0m  [["user_id", 1], ["id", 1], ["LIMIT", 1]]
  ↳ app/controllers/projects_controller.rb:69:in `set_project'
  Rendering projects/show.html.erb within layouts/application
  [1m[36mTask Load (0.1ms)[0m  [1m[34mSELECT "tasks".* FROM "tasks" WHERE "tasks"."project_id" = ?[0m  [["project_id", 1]]
  ↳ app/views/projects/show.html.erb:38
  Rendered projects/show.html.erb within layouts/application (Duration: 1.2ms | Allocations: 1890)
[Webpacker] Everything's up-to-date. Nothing to do
Completed 200 OK in 5ms (Views: 3.1ms | ActiveRecord: 0.2ms | Allocations: 7306)


Started GET "/projects/1/tasks/1/edit" for ::1 at 2023-04-18 22:28:40 +0200
Processing by TasksController#edit as HTML
  Parameters: {"project_id"=>"1", "id"=>"1"}
  [1m[36mUser Load (0.1ms)[0m  [1m[34mSELECT "users".* FROM "users" WHERE "users"."id" = ? ORDER BY "users"."id" ASC LIMIT ?[0m  [["id", 1], ["LIMIT", 1]]
  [1m[36mProject Load (0.0ms)[0m  [1m[34mSELECT "projects".* FROM "projects" WHERE "projects"."user_id" = ? AND "projects"."id" = ? LIMIT ?[0m  [["user_id", 1], ["id", 1], ["LIMIT", 1]]
  ↳ app/controllers/tasks_controller.rb:54:in `set_project'
  [1m[36mTask Load (0.1ms)[0m  [1m[34mSELECT "tasks".* FROM "tasks" WHERE "tasks"."project_id" = ? AND "tasks"."id" = ? LIMIT ?[0m  [["project_id", 1], ["id", 1], ["LIMIT", 1]]
  ↳ app/controllers/tasks_controller.rb:58:in `set_task'
  Rendering tasks/edit.html.erb within layouts/application
  Rendered tasks/_form.html.erb (Duration: 2.4ms | Allocations: 2233)
  Rendered tasks/edit.html.erb within layouts/application (Duration: 3.2ms | Allocations: 2647)
[Webpacker] Everything's up-to-date. Nothing to do
Completed 200 OK in 8ms (Views: 5.5ms | ActiveRecord: 0.2ms | Allocations: 9513)


Started PATCH "/projects/1/tasks/1" for ::1 at 2023-04-18 22:28:43 +0200
Processing by TasksController#update as HTML
  Parameters: {"authenticity_token"=>"c0sDCqJoQi9DAuH16fIUeovI9+perqQ5mkLBli6y00Gx2q7K+eG/WBXbGKBa9KWzgaJdCh5OSqyKclY9BJxDyA==", "task"=>{"name"=>"Test Task", "description"=>"", "status"=>"complete"}, "commit"=>"Update Task", "project_id"=>"1", "id"=>"1"}
  [1m[36mUser Load (0.1ms)[0m  [1m[34mSELECT "users".* FROM "users" WHERE "users"."id" = ? ORDER BY "users"."id" ASC LIMIT ?[0m  [["id", 1], ["LIMIT", 1]]
  [1m[36mProject Load (0.0ms)[0m  [1m[34mSELECT "projects".* FROM "projects" WHERE "projects"."user_id" = ? AND "projects"."id" = ? LIMIT ?[0m  [["user_id", 1], ["id", 1], ["LIMIT", 1]]
  ↳ app/controllers/tasks_controller.rb:54:in `set_project'
  [1m[36mTask Load (0.0ms)[0m  [1m[34mSELECT "tasks".* FROM "tasks" WHERE "tasks"."project_id" = ? AND "tasks"."id" = ? LIMIT ?[0m  [["project_id", 1], ["id", 1], ["LIMIT", 1]]
  ↳ app/controllers/tasks_controller.rb:58:in `set_task'
DEPRECATION WARNING: update_attributes is deprecated and will be removed from Rails 6.1 (please, use update instead) (called from update at /Users/poornimam/Documents/GitHub/Poornima-s-Project-Management-App/app/controllers/tasks_controller.rb:37)
  [1m[35m (0.0ms)[0m  [1m[36mbegin transaction[0m
  ↳ app/controllers/tasks_controller.rb:37:in `update'
  [1m[36mTask Update (0.2ms)[0m  [1m[33mUPDATE "tasks" SET "status" = ?, "updated_at" = ? WHERE "tasks"."id" = ?[0m  [["status", "complete"], ["updated_at", "2023-04-18 20:28:43.840583"], ["id", 1]]
  ↳ app/controllers/tasks_controller.rb:37:in `update'
  [1m[35m (0.3ms)[0m  [1m[36mcommit transaction[0m
  ↳ app/controllers/tasks_controller.rb:37:in `update'
Redirected to http://localhost:3000/projects/1
Completed 302 Found in 4ms (ActiveRecord: 0.7ms | Allocations: 6612)


Started GET "/projects/1" for ::1 at 2023-04-18 22:28:43 +0200
Processing by ProjectsController#show as HTML
  Parameters: {"id"=>"1"}
  [1m[36mUser Load (0.1ms)[0m  [1m[34mSELECT "users".* FROM "users" WHERE "users"."id" = ? ORDER BY "users"."id" ASC LIMIT ?[0m  [["id", 1], ["LIMIT", 1]]
  [1m[36mProject Load (0.0ms)[0m  [1m[34mSELECT "projects".* FROM "projects" WHERE "projects"."user_id" = ? AND "projects"."id" = ? LIMIT ?[0m  [["user_id", 1], ["id", 1], ["LIMIT", 1]]
  ↳ app/controllers/projects_controller.rb:69:in `set_project'
  Rendering projects/show.html.erb within layouts/application
  [1m[36mTask Load (0.0ms)[0m  [1m[34mSELECT "tasks".* FROM "tasks" WHERE "tasks"."project_id" = ?[0m  [["project_id", 1]]
  ↳ app/views/projects/show.html.erb:38
  Rendered projects/show.html.erb within layouts/application (Duration: 1.0ms | Allocations: 1905)
[Webpacker] Everything's up-to-date. Nothing to do
Completed 200 OK in 5ms (Views: 2.9ms | ActiveRecord: 0.1ms | Allocations: 7293)


Started GET "/projects" for ::1 at 2023-04-18 22:28:45 +0200
Processing by ProjectsController#index as HTML
  [1m[36mUser Load (0.1ms)[0m  [1m[34mSELECT "users".* FROM "users" WHERE "users"."id" = ? ORDER BY "users"."id" ASC LIMIT ?[0m  [["id", 1], ["LIMIT", 1]]
  Rendering projects/index.html.erb within layouts/application
  [1m[36mProject Load (0.0ms)[0m  [1m[34mSELECT "projects".* FROM "projects" WHERE "projects"."user_id" = ?[0m  [["user_id", 1]]
  ↳ app/views/projects/index.html.erb:8
  [1m[36mTask Exists? (0.1ms)[0m  [1m[34mSELECT 1 AS one FROM "tasks" WHERE "tasks"."project_id" = ? LIMIT ?[0m  [["project_id", 1], ["LIMIT", 1]]
  ↳ app/models/project.rb:17:in `status'
  [1m[36mTask Load (0.0ms)[0m  [1m[34mSELECT "tasks".* FROM "tasks" WHERE "tasks"."project_id" = ?[0m  [["project_id", 1]]
  ↳ app/models/project.rb:19:in `all?'
  [1m[35m (0.0ms)[0m  [1m[34mSELECT COUNT(*) FROM "tasks" WHERE "tasks"."project_id" = ?[0m  [["project_id", 1]]
  ↳ app/models/project.rb:38:in `total_tasks'
  [1m[35mCACHE  (0.0ms)[0m  [1m[34mSELECT COUNT(*) FROM "tasks" WHERE "tasks"."project_id" = ?[0m  [["project_id", 1]]
  ↳ app/models/project.rb:38:in `total_tasks'
  Rendered projects/index.html.erb within layouts/application (Duration: 2.3ms | Allocations: 3861)
[Webpacker] Everything's up-to-date. Nothing to do
Completed 200 OK in 5ms (Views: 4.1ms | ActiveRecord: 0.3ms | Allocations: 8173)


Started GET "/projects/1" for ::1 at 2023-04-18 22:28:46 +0200
Processing by ProjectsController#show as HTML
  Parameters: {"id"=>"1"}
  [1m[36mUser Load (0.1ms)[0m  [1m[34mSELECT "users".* FROM "users" WHERE "users"."id" = ? ORDER BY "users"."id" ASC LIMIT ?[0m  [["id", 1], ["LIMIT", 1]]
  [1m[36mProject Load (0.0ms)[0m  [1m[34mSELECT "projects".* FROM "projects" WHERE "projects"."user_id" = ? AND "projects"."id" = ? LIMIT ?[0m  [["user_id", 1], ["id", 1], ["LIMIT", 1]]
  ↳ app/controllers/projects_controller.rb:69:in `set_project'
  Rendering projects/show.html.erb within layouts/application
  [1m[36mTask Load (0.1ms)[0m  [1m[34mSELECT "tasks".* FROM "tasks" WHERE "tasks"."project_id" = ?[0m  [["project_id", 1]]
  ↳ app/views/projects/show.html.erb:38
  Rendered projects/show.html.erb within layouts/application (Duration: 1.1ms | Allocations: 1889)
[Webpacker] Everything's up-to-date. Nothing to do
Completed 200 OK in 5ms (Views: 2.9ms | ActiveRecord: 0.2ms | Allocations: 7260)


Started GET "/projects" for ::1 at 2023-04-18 22:28:55 +0200
Processing by ProjectsController#index as HTML
  [1m[36mUser Load (0.1ms)[0m  [1m[34mSELECT "users".* FROM "users" WHERE "users"."id" = ? ORDER BY "users"."id" ASC LIMIT ?[0m  [["id", 1], ["LIMIT", 1]]
  Rendering projects/index.html.erb within layouts/application
  [1m[36mProject Load (0.0ms)[0m  [1m[34mSELECT "projects".* FROM "projects" WHERE "projects"."user_id" = ?[0m  [["user_id", 1]]
  ↳ app/views/projects/index.html.erb:8
  [1m[36mTask Exists? (0.1ms)[0m  [1m[34mSELECT 1 AS one FROM "tasks" WHERE "tasks"."project_id" = ? LIMIT ?[0m  [["project_id", 1], ["LIMIT", 1]]
  ↳ app/models/project.rb:17:in `status'
  [1m[36mTask Load (0.0ms)[0m  [1m[34mSELECT "tasks".* FROM "tasks" WHERE "tasks"."project_id" = ?[0m  [["project_id", 1]]
  ↳ app/models/project.rb:19:in `all?'
  [1m[35m (0.1ms)[0m  [1m[34mSELECT COUNT(*) FROM "tasks" WHERE "tasks"."project_id" = ?[0m  [["project_id", 1]]
  ↳ app/models/project.rb:38:in `total_tasks'
  [1m[35mCACHE  (0.0ms)[0m  [1m[34mSELECT COUNT(*) FROM "tasks" WHERE "tasks"."project_id" = ?[0m  [["project_id", 1]]
  ↳ app/models/project.rb:38:in `total_tasks'
  Rendered projects/index.html.erb within layouts/application (Duration: 2.9ms | Allocations: 5137)
[Webpacker] Everything's up-to-date. Nothing to do
Completed 200 OK in 8ms (Views: 6.6ms | ActiveRecord: 0.3ms | Allocations: 18621)


Started GET "/projects/1" for ::1 at 2023-04-18 22:28:56 +0200
Processing by ProjectsController#show as HTML
  Parameters: {"id"=>"1"}
  [1m[36mUser Load (0.1ms)[0m  [1m[34mSELECT "users".* FROM "users" WHERE "users"."id" = ? ORDER BY "users"."id" ASC LIMIT ?[0m  [["id", 1], ["LIMIT", 1]]
  [1m[36mProject Load (0.0ms)[0m  [1m[34mSELECT "projects".* FROM "projects" WHERE "projects"."user_id" = ? AND "projects"."id" = ? LIMIT ?[0m  [["user_id", 1], ["id", 1], ["LIMIT", 1]]
  ↳ app/controllers/projects_controller.rb:69:in `set_project'
  Rendering projects/show.html.erb within layouts/application
  [1m[36mTask Load (0.1ms)[0m  [1m[34mSELECT "tasks".* FROM "tasks" WHERE "tasks"."project_id" = ?[0m  [["project_id", 1]]
  ↳ app/views/projects/show.html.erb:38
  Rendered projects/show.html.erb within layouts/application (Duration: 1.2ms | Allocations: 1889)
[Webpacker] Everything's up-to-date. Nothing to do
Completed 200 OK in 5ms (Views: 3.0ms | ActiveRecord: 0.2ms | Allocations: 7278)


Started GET "/projects" for ::1 at 2023-04-18 22:29:02 +0200
Processing by ProjectsController#index as HTML
  [1m[36mUser Load (0.1ms)[0m  [1m[34mSELECT "users".* FROM "users" WHERE "users"."id" = ? ORDER BY "users"."id" ASC LIMIT ?[0m  [["id", 1], ["LIMIT", 1]]
  Rendering projects/index.html.erb within layouts/application
  [1m[36mProject Load (0.0ms)[0m  [1m[34mSELECT "projects".* FROM "projects" WHERE "projects"."user_id" = ?[0m  [["user_id", 1]]
  ↳ app/views/projects/index.html.erb:8
  [1m[36mTask Exists? (0.1ms)[0m  [1m[34mSELECT 1 AS one FROM "tasks" WHERE "tasks"."project_id" = ? LIMIT ?[0m  [["project_id", 1], ["LIMIT", 1]]
  ↳ app/models/project.rb:17:in `status'
  [1m[36mTask Load (0.0ms)[0m  [1m[34mSELECT "tasks".* FROM "tasks" WHERE "tasks"."project_id" = ?[0m  [["project_id", 1]]
  ↳ app/models/project.rb:19:in `all?'
  [1m[35m (0.0ms)[0m  [1m[34mSELECT COUNT(*) FROM "tasks" WHERE "tasks"."project_id" = ?[0m  [["project_id", 1]]
  ↳ app/models/project.rb:38:in `total_tasks'
  [1m[35mCACHE  (0.0ms)[0m  [1m[34mSELECT COUNT(*) FROM "tasks" WHERE "tasks"."project_id" = ?[0m  [["project_id", 1]]
  ↳ app/models/project.rb:38:in `total_tasks'
  Rendered projects/index.html.erb within layouts/application (Duration: 2.2ms | Allocations: 3860)
[Webpacker] Everything's up-to-date. Nothing to do
Completed 200 OK in 5ms (Views: 3.9ms | ActiveRecord: 0.3ms | Allocations: 8180)


Started GET "/projects/1" for ::1 at 2023-04-18 22:29:03 +0200
Processing by ProjectsController#show as HTML
  Parameters: {"id"=>"1"}
  [1m[36mUser Load (0.1ms)[0m  [1m[34mSELECT "users".* FROM "users" WHERE "users"."id" = ? ORDER BY "users"."id" ASC LIMIT ?[0m  [["id", 1], ["LIMIT", 1]]
  [1m[36mProject Load (0.1ms)[0m  [1m[34mSELECT "projects".* FROM "projects" WHERE "projects"."user_id" = ? AND "projects"."id" = ? LIMIT ?[0m  [["user_id", 1], ["id", 1], ["LIMIT", 1]]
  ↳ app/controllers/projects_controller.rb:69:in `set_project'
  Rendering projects/show.html.erb within layouts/application
  [1m[36mTask Load (0.0ms)[0m  [1m[34mSELECT "tasks".* FROM "tasks" WHERE "tasks"."project_id" = ?[0m  [["project_id", 1]]
  ↳ app/views/projects/show.html.erb:38
  Rendered projects/show.html.erb within layouts/application (Duration: 1.1ms | Allocations: 1889)
[Webpacker] Everything's up-to-date. Nothing to do
Completed 200 OK in 5ms (Views: 2.9ms | ActiveRecord: 0.2ms | Allocations: 7280)


Started GET "/projects" for ::1 at 2023-04-18 22:29:45 +0200
Processing by ProjectsController#index as HTML
  [1m[36mUser Load (0.1ms)[0m  [1m[34mSELECT "users".* FROM "users" WHERE "users"."id" = ? ORDER BY "users"."id" ASC LIMIT ?[0m  [["id", 1], ["LIMIT", 1]]
  Rendering projects/index.html.erb within layouts/application
  [1m[36mProject Load (0.0ms)[0m  [1m[34mSELECT "projects".* FROM "projects" WHERE "projects"."user_id" = ?[0m  [["user_id", 1]]
  ↳ app/views/projects/index.html.erb:8
  [1m[36mTask Exists? (0.1ms)[0m  [1m[34mSELECT 1 AS one FROM "tasks" WHERE "tasks"."project_id" = ? LIMIT ?[0m  [["project_id", 1], ["LIMIT", 1]]
  ↳ app/models/project.rb:17:in `status'
  [1m[36mTask Load (0.0ms)[0m  [1m[34mSELECT "tasks".* FROM "tasks" WHERE "tasks"."project_id" = ?[0m  [["project_id", 1]]
  ↳ app/models/project.rb:19:in `all?'
  [1m[35m (0.1ms)[0m  [1m[34mSELECT COUNT(*) FROM "tasks" WHERE "tasks"."project_id" = ?[0m  [["project_id", 1]]
  ↳ app/models/project.rb:38:in `total_tasks'
  [1m[35mCACHE  (0.0ms)[0m  [1m[34mSELECT COUNT(*) FROM "tasks" WHERE "tasks"."project_id" = ?[0m  [["project_id", 1]]
  ↳ app/models/project.rb:38:in `total_tasks'
  Rendered projects/index.html.erb within layouts/application (Duration: 2.1ms | Allocations: 3860)
[Webpacker] Everything's up-to-date. Nothing to do
Completed 200 OK in 7ms (Views: 5.8ms | ActiveRecord: 0.3ms | Allocations: 8170)


Started GET "/projects/1" for ::1 at 2023-04-18 22:29:46 +0200
Processing by ProjectsController#show as HTML
  Parameters: {"id"=>"1"}
  [1m[36mUser Load (0.1ms)[0m  [1m[34mSELECT "users".* FROM "users" WHERE "users"."id" = ? ORDER BY "users"."id" ASC LIMIT ?[0m  [["id", 1], ["LIMIT", 1]]
  [1m[36mProject Load (0.0ms)[0m  [1m[34mSELECT "projects".* FROM "projects" WHERE "projects"."user_id" = ? AND "projects"."id" = ? LIMIT ?[0m  [["user_id", 1], ["id", 1], ["LIMIT", 1]]
  ↳ app/controllers/projects_controller.rb:69:in `set_project'
  Rendering projects/show.html.erb within layouts/application
  [1m[36mTask Load (0.0ms)[0m  [1m[34mSELECT "tasks".* FROM "tasks" WHERE "tasks"."project_id" = ?[0m  [["project_id", 1]]
  ↳ app/views/projects/show.html.erb:38
  Rendered projects/show.html.erb within layouts/application (Duration: 1.0ms | Allocations: 1889)
[Webpacker] Everything's up-to-date. Nothing to do
Completed 200 OK in 5ms (Views: 2.8ms | ActiveRecord: 0.2ms | Allocations: 7270)


Started POST "/projects/1/tasks" for ::1 at 2023-04-18 22:29:55 +0200
Processing by TasksController#create as HTML
  Parameters: {"authenticity_token"=>"4qZVQAan1hSWCuy8CHvZio+xNuMHlXs51HTrZ0pSJwJuTuUPiE0yF4D24oRpw+sshlqJxWfEVn9HPNcoWSBxBg==", "task"=>{"status"=>"not-started", "name"=>"pending task"}, "commit"=>"Create Task", "project_id"=>"1"}
  [1m[36mUser Load (0.1ms)[0m  [1m[34mSELECT "users".* FROM "users" WHERE "users"."id" = ? ORDER BY "users"."id" ASC LIMIT ?[0m  [["id", 1], ["LIMIT", 1]]
  [1m[36mProject Load (0.0ms)[0m  [1m[34mSELECT "projects".* FROM "projects" WHERE "projects"."user_id" = ? AND "projects"."id" = ? LIMIT ?[0m  [["user_id", 1], ["id", 1], ["LIMIT", 1]]
  ↳ app/controllers/tasks_controller.rb:54:in `set_project'
  [1m[35m (0.0ms)[0m  [1m[36mbegin transaction[0m
  ↳ app/controllers/tasks_controller.rb:28:in `create'
  [1m[36mTask Create (0.6ms)[0m  [1m[32mINSERT INTO "tasks" ("name", "status", "project_id", "created_at", "updated_at") VALUES (?, ?, ?, ?, ?)[0m  [["name", "pending task"], ["status", "not-started"], ["project_id", 1], ["created_at", "2023-04-18 20:29:55.438346"], ["updated_at", "2023-04-18 20:29:55.438346"]]
  ↳ app/controllers/tasks_controller.rb:28:in `create'
  [1m[35m (0.5ms)[0m  [1m[36mcommit transaction[0m
  ↳ app/controllers/tasks_controller.rb:28:in `create'
Redirected to http://localhost:3000/projects/1
Completed 302 Found in 4ms (ActiveRecord: 1.2ms | Allocations: 5352)


Started GET "/projects/1" for ::1 at 2023-04-18 22:29:55 +0200
Processing by ProjectsController#show as HTML
  Parameters: {"id"=>"1"}
  [1m[36mUser Load (0.1ms)[0m  [1m[34mSELECT "users".* FROM "users" WHERE "users"."id" = ? ORDER BY "users"."id" ASC LIMIT ?[0m  [["id", 1], ["LIMIT", 1]]
  [1m[36mProject Load (0.0ms)[0m  [1m[34mSELECT "projects".* FROM "projects" WHERE "projects"."user_id" = ? AND "projects"."id" = ? LIMIT ?[0m  [["user_id", 1], ["id", 1], ["LIMIT", 1]]
  ↳ app/controllers/projects_controller.rb:69:in `set_project'
  Rendering projects/show.html.erb within layouts/application
  [1m[36mTask Load (0.0ms)[0m  [1m[34mSELECT "tasks".* FROM "tasks" WHERE "tasks"."project_id" = ?[0m  [["project_id", 1]]
  ↳ app/views/projects/show.html.erb:38
  Rendered projects/show.html.erb within layouts/application (Duration: 1.1ms | Allocations: 2104)
[Webpacker] Everything's up-to-date. Nothing to do
Completed 200 OK in 5ms (Views: 2.9ms | ActiveRecord: 0.1ms | Allocations: 7482)


Started GET "/projects/1/tasks/3/edit" for ::1 at 2023-04-18 22:29:57 +0200
Processing by TasksController#edit as HTML
  Parameters: {"project_id"=>"1", "id"=>"3"}
  [1m[36mUser Load (0.1ms)[0m  [1m[34mSELECT "users".* FROM "users" WHERE "users"."id" = ? ORDER BY "users"."id" ASC LIMIT ?[0m  [["id", 1], ["LIMIT", 1]]
  [1m[36mProject Load (0.0ms)[0m  [1m[34mSELECT "projects".* FROM "projects" WHERE "projects"."user_id" = ? AND "projects"."id" = ? LIMIT ?[0m  [["user_id", 1], ["id", 1], ["LIMIT", 1]]
  ↳ app/controllers/tasks_controller.rb:54:in `set_project'
  [1m[36mTask Load (0.0ms)[0m  [1m[34mSELECT "tasks".* FROM "tasks" WHERE "tasks"."project_id" = ? AND "tasks"."id" = ? LIMIT ?[0m  [["project_id", 1], ["id", 3], ["LIMIT", 1]]
  ↳ app/controllers/tasks_controller.rb:58:in `set_task'
  Rendering tasks/edit.html.erb within layouts/application
  Rendered tasks/_form.html.erb (Duration: 0.7ms | Allocations: 1301)
  Rendered tasks/edit.html.erb within layouts/application (Duration: 0.9ms | Allocations: 1436)
[Webpacker] Everything's up-to-date. Nothing to do
Completed 200 OK in 5ms (Views: 2.8ms | ActiveRecord: 0.1ms | Allocations: 7523)


Started PATCH "/projects/1/tasks/3" for ::1 at 2023-04-18 22:30:03 +0200
Processing by TasksController#update as HTML
  Parameters: {"authenticity_token"=>"7Qpy5YIIttHAm3S1OPf5RV+kBwjf8ZiFuj3/NDdY/veRrihU7jMqQ3aIWamfdoUgFpntdyp2CdPtqx7D/ig5YA==", "task"=>{"name"=>"pending task", "description"=>"pending task 1", "status"=>"in-progress"}, "commit"=>"Update Task", "project_id"=>"1", "id"=>"3"}
  [1m[36mUser Load (0.1ms)[0m  [1m[34mSELECT "users".* FROM "users" WHERE "users"."id" = ? ORDER BY "users"."id" ASC LIMIT ?[0m  [["id", 1], ["LIMIT", 1]]
  [1m[36mProject Load (0.0ms)[0m  [1m[34mSELECT "projects".* FROM "projects" WHERE "projects"."user_id" = ? AND "projects"."id" = ? LIMIT ?[0m  [["user_id", 1], ["id", 1], ["LIMIT", 1]]
  ↳ app/controllers/tasks_controller.rb:54:in `set_project'
  [1m[36mTask Load (0.0ms)[0m  [1m[34mSELECT "tasks".* FROM "tasks" WHERE "tasks"."project_id" = ? AND "tasks"."id" = ? LIMIT ?[0m  [["project_id", 1], ["id", 3], ["LIMIT", 1]]
  ↳ app/controllers/tasks_controller.rb:58:in `set_task'
DEPRECATION WARNING: update_attributes is deprecated and will be removed from Rails 6.1 (please, use update instead) (called from update at /Users/poornimam/Documents/GitHub/Poornima-s-Project-Management-App/app/controllers/tasks_controller.rb:37)
  [1m[35m (0.0ms)[0m  [1m[36mbegin transaction[0m
  ↳ app/controllers/tasks_controller.rb:37:in `update'
  [1m[36mTask Update (0.2ms)[0m  [1m[33mUPDATE "tasks" SET "description" = ?, "status" = ?, "updated_at" = ? WHERE "tasks"."id" = ?[0m  [["description", "pending task 1"], ["status", "in-progress"], ["updated_at", "2023-04-18 20:30:03.939733"], ["id", 3]]
  ↳ app/controllers/tasks_controller.rb:37:in `update'
  [1m[35m (0.6ms)[0m  [1m[36mcommit transaction[0m
  ↳ app/controllers/tasks_controller.rb:37:in `update'
Redirected to http://localhost:3000/projects/1
Completed 302 Found in 4ms (ActiveRecord: 0.9ms | Allocations: 6326)


Started GET "/projects/1" for ::1 at 2023-04-18 22:30:03 +0200
Processing by ProjectsController#show as HTML
  Parameters: {"id"=>"1"}
  [1m[36mUser Load (0.1ms)[0m  [1m[34mSELECT "users".* FROM "users" WHERE "users"."id" = ? ORDER BY "users"."id" ASC LIMIT ?[0m  [["id", 1], ["LIMIT", 1]]
  [1m[36mProject Load (0.0ms)[0m  [1m[34mSELECT "projects".* FROM "projects" WHERE "projects"."user_id" = ? AND "projects"."id" = ? LIMIT ?[0m  [["user_id", 1], ["id", 1], ["LIMIT", 1]]
  ↳ app/controllers/projects_controller.rb:69:in `set_project'
  Rendering projects/show.html.erb within layouts/application
  [1m[36mTask Load (0.1ms)[0m  [1m[34mSELECT "tasks".* FROM "tasks" WHERE "tasks"."project_id" = ?[0m  [["project_id", 1]]
  ↳ app/views/projects/show.html.erb:38
  Rendered projects/show.html.erb within layouts/application (Duration: 4.3ms | Allocations: 2109)
[Webpacker] Everything's up-to-date. Nothing to do
Completed 200 OK in 8ms (Views: 6.4ms | ActiveRecord: 0.2ms | Allocations: 7494)


Started GET "/projects" for ::1 at 2023-04-18 22:30:05 +0200
Processing by ProjectsController#index as HTML
  [1m[36mUser Load (0.1ms)[0m  [1m[34mSELECT "users".* FROM "users" WHERE "users"."id" = ? ORDER BY "users"."id" ASC LIMIT ?[0m  [["id", 1], ["LIMIT", 1]]
  Rendering projects/index.html.erb within layouts/application
  [1m[36mProject Load (0.0ms)[0m  [1m[34mSELECT "projects".* FROM "projects" WHERE "projects"."user_id" = ?[0m  [["user_id", 1]]
  ↳ app/views/projects/index.html.erb:8
  [1m[36mTask Exists? (0.1ms)[0m  [1m[34mSELECT 1 AS one FROM "tasks" WHERE "tasks"."project_id" = ? LIMIT ?[0m  [["project_id", 1], ["LIMIT", 1]]
  ↳ app/models/project.rb:17:in `status'
  [1m[36mTask Load (0.0ms)[0m  [1m[34mSELECT "tasks".* FROM "tasks" WHERE "tasks"."project_id" = ?[0m  [["project_id", 1]]
  ↳ app/models/project.rb:19:in `all?'
  [1m[35m (0.0ms)[0m  [1m[34mSELECT COUNT(*) FROM "tasks" WHERE "tasks"."project_id" = ?[0m  [["project_id", 1]]
  ↳ app/models/project.rb:38:in `total_tasks'
  [1m[35mCACHE  (0.0ms)[0m  [1m[34mSELECT COUNT(*) FROM "tasks" WHERE "tasks"."project_id" = ?[0m  [["project_id", 1]]
  ↳ app/models/project.rb:38:in `total_tasks'
  Rendered projects/index.html.erb within layouts/application (Duration: 1.9ms | Allocations: 3882)
[Webpacker] Everything's up-to-date. Nothing to do
Completed 200 OK in 8ms (Views: 3.8ms | ActiveRecord: 0.3ms | Allocations: 8198)


Started GET "/projects/new" for ::1 at 2023-04-18 22:30:07 +0200
Processing by ProjectsController#new as HTML
  [1m[36mUser Load (0.2ms)[0m  [1m[34mSELECT "users".* FROM "users" WHERE "users"."id" = ? ORDER BY "users"."id" ASC LIMIT ?[0m  [["id", 1], ["LIMIT", 1]]
  Rendering projects/new.html.erb within layouts/application
  Rendered projects/_form.html.erb (Duration: 1.2ms | Allocations: 1279)
  Rendered projects/new.html.erb within layouts/application (Duration: 2.0ms | Allocations: 1672)
[Webpacker] Everything's up-to-date. Nothing to do
Completed 200 OK in 9ms (Views: 6.9ms | ActiveRecord: 0.2ms | Allocations: 6294)


Started GET "/projects" for ::1 at 2023-04-18 22:30:09 +0200
Processing by ProjectsController#index as HTML
  [1m[36mUser Load (0.1ms)[0m  [1m[34mSELECT "users".* FROM "users" WHERE "users"."id" = ? ORDER BY "users"."id" ASC LIMIT ?[0m  [["id", 1], ["LIMIT", 1]]
  Rendering projects/index.html.erb within layouts/application
  [1m[36mProject Load (0.0ms)[0m  [1m[34mSELECT "projects".* FROM "projects" WHERE "projects"."user_id" = ?[0m  [["user_id", 1]]
  ↳ app/views/projects/index.html.erb:8
  [1m[36mTask Exists? (0.1ms)[0m  [1m[34mSELECT 1 AS one FROM "tasks" WHERE "tasks"."project_id" = ? LIMIT ?[0m  [["project_id", 1], ["LIMIT", 1]]
  ↳ app/models/project.rb:17:in `status'
  [1m[36mTask Load (0.0ms)[0m  [1m[34mSELECT "tasks".* FROM "tasks" WHERE "tasks"."project_id" = ?[0m  [["project_id", 1]]
  ↳ app/models/project.rb:19:in `all?'
  [1m[35m (0.0ms)[0m  [1m[34mSELECT COUNT(*) FROM "tasks" WHERE "tasks"."project_id" = ?[0m  [["project_id", 1]]
  ↳ app/models/project.rb:38:in `total_tasks'
  [1m[35mCACHE  (0.0ms)[0m  [1m[34mSELECT COUNT(*) FROM "tasks" WHERE "tasks"."project_id" = ?[0m  [["project_id", 1]]
  ↳ app/models/project.rb:38:in `total_tasks'
  Rendered projects/index.html.erb within layouts/application (Duration: 5.1ms | Allocations: 3888)
[Webpacker] Everything's up-to-date. Nothing to do
Completed 200 OK in 8ms (Views: 6.9ms | ActiveRecord: 0.3ms | Allocations: 8196)


  [1m[35m (0.2ms)[0m  [1m[34mSELECT sqlite_version(*)[0m
  [1m[36mUser Load (0.1ms)[0m  [1m[34mSELECT "users".* FROM "users" ORDER BY "users"."id" DESC LIMIT ?[0m  [["LIMIT", 1]]
  [1m[36mUser Load (0.1ms)[0m  [1m[34mSELECT "users".* FROM "users" ORDER BY "users"."id" DESC LIMIT ?[0m  [["LIMIT", 1]]
  [1m[35m (0.0ms)[0m  [1m[36mbegin transaction[0m
  [1m[36mUser Destroy (0.4ms)[0m  [1m[31mDELETE FROM "users" WHERE "users"."id" = ?[0m  [["id", 1]]
  [1m[35m (0.2ms)[0m  [1m[31mrollback transaction[0m
  [1m[36mUser Load (0.1ms)[0m  [1m[34mSELECT "users".* FROM "users" ORDER BY "users"."id" DESC LIMIT ?[0m  [["LIMIT", 1]]
  [1m[36mUser Destroy (0.8ms)[0m  [1m[31mDELETE FROM "users" WHERE "users"."id" = ?[0m  [["id", 1]]
  [1m[36mUser Destroy (0.8ms)[0m  [1m[31mDELETE FROM "users"[0m
Started GET "/" for ::1 at 2023-04-18 22:39:32 +0200
  [1m[35m (0.3ms)[0m  [1m[34mSELECT sqlite_version(*)[0m
  [1m[35m (0.1ms)[0m  [1m[34mSELECT "schema_migrations"."version" FROM "schema_migrations" ORDER BY "schema_migrations"."version" ASC[0m
Processing by ProjectsController#index as HTML
  [1m[36mUser Load (0.2ms)[0m  [1m[34mSELECT "users".* FROM "users" WHERE "users"."id" = ? ORDER BY "users"."id" ASC LIMIT ?[0m  [["id", 1], ["LIMIT", 1]]
  Rendering projects/index.html.erb within layouts/application
  [1m[36mProject Load (0.1ms)[0m  [1m[34mSELECT "projects".* FROM "projects" WHERE "projects"."user_id" = ?[0m  [["user_id", 1]]
  ↳ app/views/projects/index.html.erb:8
  [1m[36mTask Exists? (0.0ms)[0m  [1m[34mSELECT 1 AS one FROM "tasks" WHERE "tasks"."project_id" = ? LIMIT ?[0m  [["project_id", 1], ["LIMIT", 1]]
  ↳ app/models/project.rb:17:in `status'
  [1m[36mTask Load (0.1ms)[0m  [1m[34mSELECT "tasks".* FROM "tasks" WHERE "tasks"."project_id" = ?[0m  [["project_id", 1]]
  ↳ app/models/project.rb:19:in `all?'
  [1m[35m (0.1ms)[0m  [1m[34mSELECT COUNT(*) FROM "tasks" WHERE "tasks"."project_id" = ?[0m  [["project_id", 1]]
  ↳ app/models/project.rb:38:in `total_tasks'
  [1m[35mCACHE  (0.0ms)[0m  [1m[34mSELECT COUNT(*) FROM "tasks" WHERE "tasks"."project_id" = ?[0m  [["project_id", 1]]
  ↳ app/models/project.rb:38:in `total_tasks'
  Rendered projects/index.html.erb within layouts/application (Duration: 14.9ms | Allocations: 16905)
[Webpacker] Everything's up-to-date. Nothing to do
Completed 200 OK in 39ms (Views: 22.6ms | ActiveRecord: 1.4ms | Allocations: 55550)


Started GET "/" for ::1 at 2023-04-18 22:39:35 +0200
Processing by ProjectsController#index as HTML
  [1m[36mUser Load (0.1ms)[0m  [1m[34mSELECT "users".* FROM "users" WHERE "users"."id" = ? ORDER BY "users"."id" ASC LIMIT ?[0m  [["id", 1], ["LIMIT", 1]]
  Rendering projects/index.html.erb within layouts/application
  [1m[36mProject Load (0.0ms)[0m  [1m[34mSELECT "projects".* FROM "projects" WHERE "projects"."user_id" = ?[0m  [["user_id", 1]]
  ↳ app/views/projects/index.html.erb:8
  [1m[36mTask Exists? (0.1ms)[0m  [1m[34mSELECT 1 AS one FROM "tasks" WHERE "tasks"."project_id" = ? LIMIT ?[0m  [["project_id", 1], ["LIMIT", 1]]
  ↳ app/models/project.rb:17:in `status'
  [1m[36mTask Load (0.0ms)[0m  [1m[34mSELECT "tasks".* FROM "tasks" WHERE "tasks"."project_id" = ?[0m  [["project_id", 1]]
  ↳ app/models/project.rb:19:in `all?'
  [1m[35m (0.1ms)[0m  [1m[34mSELECT COUNT(*) FROM "tasks" WHERE "tasks"."project_id" = ?[0m  [["project_id", 1]]
  ↳ app/models/project.rb:38:in `total_tasks'
  [1m[35mCACHE  (0.0ms)[0m  [1m[34mSELECT COUNT(*) FROM "tasks" WHERE "tasks"."project_id" = ?[0m  [["project_id", 1]]
  ↳ app/models/project.rb:38:in `total_tasks'
  Rendered projects/index.html.erb within layouts/application (Duration: 2.1ms | Allocations: 3891)
[Webpacker] Everything's up-to-date. Nothing to do
Completed 200 OK in 5ms (Views: 3.8ms | ActiveRecord: 0.3ms | Allocations: 8222)


Started GET "/" for ::1 at 2023-04-18 22:39:36 +0200
Processing by ProjectsController#index as HTML
  [1m[36mUser Load (0.1ms)[0m  [1m[34mSELECT "users".* FROM "users" WHERE "users"."id" = ? ORDER BY "users"."id" ASC LIMIT ?[0m  [["id", 1], ["LIMIT", 1]]
  Rendering projects/index.html.erb within layouts/application
  [1m[36mProject Load (0.1ms)[0m  [1m[34mSELECT "projects".* FROM "projects" WHERE "projects"."user_id" = ?[0m  [["user_id", 1]]
  ↳ app/views/projects/index.html.erb:8
  [1m[36mTask Exists? (0.1ms)[0m  [1m[34mSELECT 1 AS one FROM "tasks" WHERE "tasks"."project_id" = ? LIMIT ?[0m  [["project_id", 1], ["LIMIT", 1]]
  ↳ app/models/project.rb:17:in `status'
  [1m[36mTask Load (0.0ms)[0m  [1m[34mSELECT "tasks".* FROM "tasks" WHERE "tasks"."project_id" = ?[0m  [["project_id", 1]]
  ↳ app/models/project.rb:19:in `all?'
  [1m[35m (0.1ms)[0m  [1m[34mSELECT COUNT(*) FROM "tasks" WHERE "tasks"."project_id" = ?[0m  [["project_id", 1]]
  ↳ app/models/project.rb:38:in `total_tasks'
  [1m[35mCACHE  (0.0ms)[0m  [1m[34mSELECT COUNT(*) FROM "tasks" WHERE "tasks"."project_id" = ?[0m  [["project_id", 1]]
  ↳ app/models/project.rb:38:in `total_tasks'
  Rendered projects/index.html.erb within layouts/application (Duration: 2.4ms | Allocations: 3883)
[Webpacker] Everything's up-to-date. Nothing to do
Completed 200 OK in 6ms (Views: 4.2ms | ActiveRecord: 0.3ms | Allocations: 8217)


Started GET "/projects/1" for ::1 at 2023-04-18 22:45:00 +0200
  [1m[35m (0.3ms)[0m  [1m[34mSELECT sqlite_version(*)[0m
  [1m[35m (0.1ms)[0m  [1m[34mSELECT "schema_migrations"."version" FROM "schema_migrations" ORDER BY "schema_migrations"."version" ASC[0m
Processing by ProjectsController#show as HTML
  Parameters: {"id"=>"1"}
  [1m[36mUser Load (0.3ms)[0m  [1m[34mSELECT "users".* FROM "users" WHERE "users"."id" = ? ORDER BY "users"."id" ASC LIMIT ?[0m  [["id", 1], ["LIMIT", 1]]
  [1m[36mProject Load (0.2ms)[0m  [1m[34mSELECT "projects".* FROM "projects" WHERE "projects"."user_id" = ? AND "projects"."id" = ? LIMIT ?[0m  [["user_id", 1], ["id", 1], ["LIMIT", 1]]
  ↳ app/controllers/projects_controller.rb:69:in `set_project'
  Rendering projects/show.html.erb within layouts/application
  [1m[36mTask Load (0.3ms)[0m  [1m[34mSELECT "tasks".* FROM "tasks" WHERE "tasks"."project_id" = ?[0m  [["project_id", 1]]
  ↳ app/views/projects/show.html.erb:38
  Rendered projects/show.html.erb within layouts/application (Duration: 10.8ms | Allocations: 5244)
[Webpacker] Everything's up-to-date. Nothing to do
Completed 200 OK in 45ms (Views: 19.6ms | ActiveRecord: 1.6ms | Allocations: 34697)


Started GET "/projects" for ::1 at 2023-04-18 22:45:03 +0200
Processing by ProjectsController#index as HTML
  [1m[36mUser Load (0.1ms)[0m  [1m[34mSELECT "users".* FROM "users" WHERE "users"."id" = ? ORDER BY "users"."id" ASC LIMIT ?[0m  [["id", 1], ["LIMIT", 1]]
  Rendering projects/index.html.erb within layouts/application
  [1m[36mProject Load (0.1ms)[0m  [1m[34mSELECT "projects".* FROM "projects" WHERE "projects"."user_id" = ?[0m  [["user_id", 1]]
  ↳ app/views/projects/index.html.erb:8
  [1m[36mTask Exists? (0.1ms)[0m  [1m[34mSELECT 1 AS one FROM "tasks" WHERE "tasks"."project_id" = ? LIMIT ?[0m  [["project_id", 1], ["LIMIT", 1]]
  ↳ app/models/project.rb:17:in `status'
  [1m[36mTask Load (0.0ms)[0m  [1m[34mSELECT "tasks".* FROM "tasks" WHERE "tasks"."project_id" = ?[0m  [["project_id", 1]]
  ↳ app/models/project.rb:19:in `all?'
  [1m[35m (0.0ms)[0m  [1m[34mSELECT COUNT(*) FROM "tasks" WHERE "tasks"."project_id" = ?[0m  [["project_id", 1]]
  ↳ app/models/project.rb:38:in `total_tasks'
  [1m[35mCACHE  (0.0ms)[0m  [1m[34mSELECT COUNT(*) FROM "tasks" WHERE "tasks"."project_id" = ?[0m  [["project_id", 1]]
  ↳ app/models/project.rb:38:in `total_tasks'
  Rendered projects/index.html.erb within layouts/application (Duration: 3.1ms | Allocations: 4480)
[Webpacker] Everything's up-to-date. Nothing to do
Completed 200 OK in 7ms (Views: 4.7ms | ActiveRecord: 0.4ms | Allocations: 8967)


Started GET "/projects" for ::1 at 2023-04-18 22:45:05 +0200
Processing by ProjectsController#index as HTML
  [1m[36mUser Load (0.1ms)[0m  [1m[34mSELECT "users".* FROM "users" WHERE "users"."id" = ? ORDER BY "users"."id" ASC LIMIT ?[0m  [["id", 1], ["LIMIT", 1]]
  Rendering projects/index.html.erb within layouts/application
  [1m[36mProject Load (0.0ms)[0m  [1m[34mSELECT "projects".* FROM "projects" WHERE "projects"."user_id" = ?[0m  [["user_id", 1]]
  ↳ app/views/projects/index.html.erb:8
  [1m[36mTask Exists? (0.1ms)[0m  [1m[34mSELECT 1 AS one FROM "tasks" WHERE "tasks"."project_id" = ? LIMIT ?[0m  [["project_id", 1], ["LIMIT", 1]]
  ↳ app/models/project.rb:17:in `status'
  [1m[36mTask Load (0.0ms)[0m  [1m[34mSELECT "tasks".* FROM "tasks" WHERE "tasks"."project_id" = ?[0m  [["project_id", 1]]
  ↳ app/models/project.rb:19:in `all?'
  [1m[35m (0.0ms)[0m  [1m[34mSELECT COUNT(*) FROM "tasks" WHERE "tasks"."project_id" = ?[0m  [["project_id", 1]]
  ↳ app/models/project.rb:38:in `total_tasks'
  [1m[35mCACHE  (0.0ms)[0m  [1m[34mSELECT COUNT(*) FROM "tasks" WHERE "tasks"."project_id" = ?[0m  [["project_id", 1]]
  ↳ app/models/project.rb:38:in `total_tasks'
  Rendered projects/index.html.erb within layouts/application (Duration: 2.2ms | Allocations: 3884)
[Webpacker] Everything's up-to-date. Nothing to do
Completed 200 OK in 5ms (Views: 3.9ms | ActiveRecord: 0.3ms | Allocations: 8225)


Started GET "/projects" for ::1 at 2023-04-18 22:45:06 +0200
Processing by ProjectsController#index as HTML
  [1m[36mUser Load (0.1ms)[0m  [1m[34mSELECT "users".* FROM "users" WHERE "users"."id" = ? ORDER BY "users"."id" ASC LIMIT ?[0m  [["id", 1], ["LIMIT", 1]]
  Rendering projects/index.html.erb within layouts/application
  [1m[36mProject Load (0.1ms)[0m  [1m[34mSELECT "projects".* FROM "projects" WHERE "projects"."user_id" = ?[0m  [["user_id", 1]]
  ↳ app/views/projects/index.html.erb:8
  [1m[36mTask Exists? (0.1ms)[0m  [1m[34mSELECT 1 AS one FROM "tasks" WHERE "tasks"."project_id" = ? LIMIT ?[0m  [["project_id", 1], ["LIMIT", 1]]
  ↳ app/models/project.rb:17:in `status'
  [1m[36mTask Load (0.0ms)[0m  [1m[34mSELECT "tasks".* FROM "tasks" WHERE "tasks"."project_id" = ?[0m  [["project_id", 1]]
  ↳ app/models/project.rb:19:in `all?'
  [1m[35m (0.0ms)[0m  [1m[34mSELECT COUNT(*) FROM "tasks" WHERE "tasks"."project_id" = ?[0m  [["project_id", 1]]
  ↳ app/models/project.rb:38:in `total_tasks'
  [1m[35mCACHE  (0.0ms)[0m  [1m[34mSELECT COUNT(*) FROM "tasks" WHERE "tasks"."project_id" = ?[0m  [["project_id", 1]]
  ↳ app/models/project.rb:38:in `total_tasks'
  Rendered projects/index.html.erb within layouts/application (Duration: 2.1ms | Allocations: 3883)
[Webpacker] Everything's up-to-date. Nothing to do
Completed 200 OK in 6ms (Views: 4.3ms | ActiveRecord: 0.3ms | Allocations: 8207)


Started GET "/" for ::1 at 2023-04-18 22:45:11 +0200
Processing by ProjectsController#index as HTML
Completed 401 Unauthorized in 1ms (ActiveRecord: 0.0ms | Allocations: 208)


Started GET "/users/sign_in" for ::1 at 2023-04-18 22:45:11 +0200
Processing by Devise::SessionsController#new as HTML
  Rendering devise/sessions/new.html.erb within layouts/application
  Rendered devise/shared/_links.html.erb (Duration: 0.6ms | Allocations: 637)
  Rendered devise/sessions/new.html.erb within layouts/application (Duration: 3.4ms | Allocations: 3003)
[Webpacker] Everything's up-to-date. Nothing to do
Completed 200 OK in 7ms (Views: 6.5ms | ActiveRecord: 0.0ms | Allocations: 7336)


Started GET "/projects/1" for ::1 at 2023-04-18 22:45:19 +0200
Processing by ProjectsController#show as HTML
  Parameters: {"id"=>"1"}
  [1m[36mUser Load (0.1ms)[0m  [1m[34mSELECT "users".* FROM "users" WHERE "users"."id" = ? ORDER BY "users"."id" ASC LIMIT ?[0m  [["id", 1], ["LIMIT", 1]]
  [1m[36mProject Load (0.0ms)[0m  [1m[34mSELECT "projects".* FROM "projects" WHERE "projects"."user_id" = ? AND "projects"."id" = ? LIMIT ?[0m  [["user_id", 1], ["id", 1], ["LIMIT", 1]]
  ↳ app/controllers/projects_controller.rb:69:in `set_project'
  Rendering projects/show.html.erb within layouts/application
  [1m[36mTask Load (0.1ms)[0m  [1m[34mSELECT "tasks".* FROM "tasks" WHERE "tasks"."project_id" = ?[0m  [["project_id", 1]]
  ↳ app/views/projects/show.html.erb:38
  Rendered projects/show.html.erb within layouts/application (Duration: 1.4ms | Allocations: 2123)
[Webpacker] Everything's up-to-date. Nothing to do
Completed 200 OK in 6ms (Views: 4.0ms | ActiveRecord: 0.2ms | Allocations: 7514)


Started GET "/projects" for ::1 at 2023-04-18 22:45:22 +0200
Processing by ProjectsController#index as HTML
  [1m[36mUser Load (0.1ms)[0m  [1m[34mSELECT "users".* FROM "users" WHERE "users"."id" = ? ORDER BY "users"."id" ASC LIMIT ?[0m  [["id", 1], ["LIMIT", 1]]
  Rendering projects/index.html.erb within layouts/application
  [1m[36mProject Load (0.1ms)[0m  [1m[34mSELECT "projects".* FROM "projects" WHERE "projects"."user_id" = ?[0m  [["user_id", 1]]
  ↳ app/views/projects/index.html.erb:8
  [1m[36mTask Exists? (0.1ms)[0m  [1m[34mSELECT 1 AS one FROM "tasks" WHERE "tasks"."project_id" = ? LIMIT ?[0m  [["project_id", 1], ["LIMIT", 1]]
  ↳ app/models/project.rb:17:in `status'
  [1m[36mTask Load (0.0ms)[0m  [1m[34mSELECT "tasks".* FROM "tasks" WHERE "tasks"."project_id" = ?[0m  [["project_id", 1]]
  ↳ app/models/project.rb:19:in `all?'
  [1m[35m (0.2ms)[0m  [1m[34mSELECT COUNT(*) FROM "tasks" WHERE "tasks"."project_id" = ?[0m  [["project_id", 1]]
  ↳ app/models/project.rb:38:in `total_tasks'
  [1m[35mCACHE  (0.0ms)[0m  [1m[34mSELECT COUNT(*) FROM "tasks" WHERE "tasks"."project_id" = ?[0m  [["project_id", 1]]
  ↳ app/models/project.rb:38:in `total_tasks'
  Rendered projects/index.html.erb within layouts/application (Duration: 3.8ms | Allocations: 3883)
[Webpacker] Everything's up-to-date. Nothing to do
Completed 200 OK in 7ms (Views: 5.7ms | ActiveRecord: 0.5ms | Allocations: 8193)


Started GET "/projects/1" for ::1 at 2023-04-18 22:45:25 +0200
Processing by ProjectsController#show as HTML
  Parameters: {"id"=>"1"}
  [1m[36mUser Load (0.1ms)[0m  [1m[34mSELECT "users".* FROM "users" WHERE "users"."id" = ? ORDER BY "users"."id" ASC LIMIT ?[0m  [["id", 1], ["LIMIT", 1]]
  [1m[36mProject Load (0.0ms)[0m  [1m[34mSELECT "projects".* FROM "projects" WHERE "projects"."user_id" = ? AND "projects"."id" = ? LIMIT ?[0m  [["user_id", 1], ["id", 1], ["LIMIT", 1]]
  ↳ app/controllers/projects_controller.rb:69:in `set_project'
  Rendering projects/show.html.erb within layouts/application
  [1m[36mTask Load (0.1ms)[0m  [1m[34mSELECT "tasks".* FROM "tasks" WHERE "tasks"."project_id" = ?[0m  [["project_id", 1]]
  ↳ app/views/projects/show.html.erb:38
  Rendered projects/show.html.erb within layouts/application (Duration: 1.5ms | Allocations: 2401)
[Webpacker] Everything's up-to-date. Nothing to do
Completed 200 OK in 8ms (Views: 5.4ms | ActiveRecord: 0.2ms | Allocations: 17613)


Started GET "/projects" for ::1 at 2023-04-18 22:45:29 +0200
Processing by ProjectsController#index as HTML
  [1m[36mUser Load (0.1ms)[0m  [1m[34mSELECT "users".* FROM "users" WHERE "users"."id" = ? ORDER BY "users"."id" ASC LIMIT ?[0m  [["id", 1], ["LIMIT", 1]]
  Rendering projects/index.html.erb within layouts/application
  [1m[36mProject Load (0.0ms)[0m  [1m[34mSELECT "projects".* FROM "projects" WHERE "projects"."user_id" = ?[0m  [["user_id", 1]]
  ↳ app/views/projects/index.html.erb:8
  [1m[36mTask Exists? (0.1ms)[0m  [1m[34mSELECT 1 AS one FROM "tasks" WHERE "tasks"."project_id" = ? LIMIT ?[0m  [["project_id", 1], ["LIMIT", 1]]
  ↳ app/models/project.rb:17:in `status'
  [1m[36mTask Load (0.0ms)[0m  [1m[34mSELECT "tasks".* FROM "tasks" WHERE "tasks"."project_id" = ?[0m  [["project_id", 1]]
  ↳ app/models/project.rb:19:in `all?'
  [1m[35m (0.2ms)[0m  [1m[34mSELECT COUNT(*) FROM "tasks" WHERE "tasks"."project_id" = ?[0m  [["project_id", 1]]
  ↳ app/models/project.rb:38:in `total_tasks'
  [1m[35mCACHE  (0.0ms)[0m  [1m[34mSELECT COUNT(*) FROM "tasks" WHERE "tasks"."project_id" = ?[0m  [["project_id", 1]]
  ↳ app/models/project.rb:38:in `total_tasks'
  Rendered projects/index.html.erb within layouts/application (Duration: 5.6ms | Allocations: 3884)
[Webpacker] Everything's up-to-date. Nothing to do
Completed 200 OK in 9ms (Views: 7.4ms | ActiveRecord: 0.4ms | Allocations: 8184)


Started GET "/projects/1" for ::1 at 2023-04-18 22:45:42 +0200
Processing by ProjectsController#show as HTML
  Parameters: {"id"=>"1"}
  [1m[36mUser Load (0.1ms)[0m  [1m[34mSELECT "users".* FROM "users" WHERE "users"."id" = ? ORDER BY "users"."id" ASC LIMIT ?[0m  [["id", 1], ["LIMIT", 1]]
  [1m[36mProject Load (0.0ms)[0m  [1m[34mSELECT "projects".* FROM "projects" WHERE "projects"."user_id" = ? AND "projects"."id" = ? LIMIT ?[0m  [["user_id", 1], ["id", 1], ["LIMIT", 1]]
  ↳ app/controllers/projects_controller.rb:69:in `set_project'
  Rendering projects/show.html.erb within layouts/application
  [1m[36mTask Load (0.1ms)[0m  [1m[34mSELECT "tasks".* FROM "tasks" WHERE "tasks"."project_id" = ?[0m  [["project_id", 1]]
  ↳ app/views/projects/show.html.erb:38
  Rendered projects/show.html.erb within layouts/application (Duration: 1.5ms | Allocations: 2107)
[Webpacker] Everything's up-to-date. Nothing to do
Completed 200 OK in 8ms (Views: 5.6ms | ActiveRecord: 0.2ms | Allocations: 7480)


Started GET "/projects" for ::1 at 2023-04-18 22:45:44 +0200
Processing by ProjectsController#index as HTML
  [1m[36mUser Load (0.4ms)[0m  [1m[34mSELECT "users".* FROM "users" WHERE "users"."id" = ? ORDER BY "users"."id" ASC LIMIT ?[0m  [["id", 1], ["LIMIT", 1]]
  Rendering projects/index.html.erb within layouts/application
  [1m[36mProject Load (0.2ms)[0m  [1m[34mSELECT "projects".* FROM "projects" WHERE "projects"."user_id" = ?[0m  [["user_id", 1]]
  ↳ app/views/projects/index.html.erb:8
  [1m[36mTask Exists? (0.1ms)[0m  [1m[34mSELECT 1 AS one FROM "tasks" WHERE "tasks"."project_id" = ? LIMIT ?[0m  [["project_id", 1], ["LIMIT", 1]]
  ↳ app/models/project.rb:17:in `status'
  [1m[36mTask Load (0.0ms)[0m  [1m[34mSELECT "tasks".* FROM "tasks" WHERE "tasks"."project_id" = ?[0m  [["project_id", 1]]
  ↳ app/models/project.rb:19:in `all?'
  [1m[35m (0.1ms)[0m  [1m[34mSELECT COUNT(*) FROM "tasks" WHERE "tasks"."project_id" = ?[0m  [["project_id", 1]]
  ↳ app/models/project.rb:38:in `total_tasks'
  [1m[35mCACHE  (0.0ms)[0m  [1m[34mSELECT COUNT(*) FROM "tasks" WHERE "tasks"."project_id" = ?[0m  [["project_id", 1]]
  ↳ app/models/project.rb:38:in `total_tasks'
  Rendered projects/index.html.erb within layouts/application (Duration: 2.8ms | Allocations: 3882)
[Webpacker] Everything's up-to-date. Nothing to do
Completed 200 OK in 7ms (Views: 4.7ms | ActiveRecord: 0.8ms | Allocations: 8196)


Started GET "/projects/1" for ::1 at 2023-04-18 22:45:45 +0200
Processing by ProjectsController#show as HTML
  Parameters: {"id"=>"1"}
  [1m[36mUser Load (0.1ms)[0m  [1m[34mSELECT "users".* FROM "users" WHERE "users"."id" = ? ORDER BY "users"."id" ASC LIMIT ?[0m  [["id", 1], ["LIMIT", 1]]
  [1m[36mProject Load (0.1ms)[0m  [1m[34mSELECT "projects".* FROM "projects" WHERE "projects"."user_id" = ? AND "projects"."id" = ? LIMIT ?[0m  [["user_id", 1], ["id", 1], ["LIMIT", 1]]
  ↳ app/controllers/projects_controller.rb:69:in `set_project'
  Rendering projects/show.html.erb within layouts/application
  [1m[36mTask Load (0.1ms)[0m  [1m[34mSELECT "tasks".* FROM "tasks" WHERE "tasks"."project_id" = ?[0m  [["project_id", 1]]
  ↳ app/views/projects/show.html.erb:38
  Rendered projects/show.html.erb within layouts/application (Duration: 1.5ms | Allocations: 2107)
[Webpacker] Everything's up-to-date. Nothing to do
Completed 200 OK in 7ms (Views: 3.6ms | ActiveRecord: 0.2ms | Allocations: 7498)


Started GET "/projects" for ::1 at 2023-04-18 22:45:46 +0200
Processing by ProjectsController#index as HTML
  [1m[36mUser Load (0.1ms)[0m  [1m[34mSELECT "users".* FROM "users" WHERE "users"."id" = ? ORDER BY "users"."id" ASC LIMIT ?[0m  [["id", 1], ["LIMIT", 1]]
  Rendering projects/index.html.erb within layouts/application
  [1m[36mProject Load (0.3ms)[0m  [1m[34mSELECT "projects".* FROM "projects" WHERE "projects"."user_id" = ?[0m  [["user_id", 1]]
  ↳ app/views/projects/index.html.erb:8
  [1m[36mTask Exists? (0.3ms)[0m  [1m[34mSELECT 1 AS one FROM "tasks" WHERE "tasks"."project_id" = ? LIMIT ?[0m  [["project_id", 1], ["LIMIT", 1]]
  ↳ app/models/project.rb:17:in `status'
  [1m[36mTask Load (0.0ms)[0m  [1m[34mSELECT "tasks".* FROM "tasks" WHERE "tasks"."project_id" = ?[0m  [["project_id", 1]]
  ↳ app/models/project.rb:19:in `all?'
  [1m[35m (0.1ms)[0m  [1m[34mSELECT COUNT(*) FROM "tasks" WHERE "tasks"."project_id" = ?[0m  [["project_id", 1]]
  ↳ app/models/project.rb:38:in `total_tasks'
  [1m[35mCACHE  (0.0ms)[0m  [1m[34mSELECT COUNT(*) FROM "tasks" WHERE "tasks"."project_id" = ?[0m  [["project_id", 1]]
  ↳ app/models/project.rb:38:in `total_tasks'
  Rendered projects/index.html.erb within layouts/application (Duration: 3.7ms | Allocations: 3882)
[Webpacker] Everything's up-to-date. Nothing to do
Completed 200 OK in 8ms (Views: 5.3ms | ActiveRecord: 0.8ms | Allocations: 8194)


Started GET "/" for ::1 at 2023-04-18 23:09:54 +0200
  [1m[35m (0.0ms)[0m  [1m[34mSELECT sqlite_version(*)[0m
Processing by ProjectsController#index as HTML
  [1m[36mUser Load (0.7ms)[0m  [1m[34mSELECT "users".* FROM "users" WHERE "users"."id" = ? ORDER BY "users"."id" ASC LIMIT ?[0m  [["id", 1], ["LIMIT", 1]]
  Rendering projects/index.html.erb within layouts/application
  [1m[36mProject Load (0.2ms)[0m  [1m[34mSELECT "projects".* FROM "projects" WHERE "projects"."user_id" = ?[0m  [["user_id", 1]]
  ↳ app/views/projects/index.html.erb:8
  [1m[36mTask Exists? (0.1ms)[0m  [1m[34mSELECT 1 AS one FROM "tasks" WHERE "tasks"."project_id" = ? LIMIT ?[0m  [["project_id", 1], ["LIMIT", 1]]
  ↳ app/models/project.rb:17:in `status'
  [1m[36mTask Load (0.1ms)[0m  [1m[34mSELECT "tasks".* FROM "tasks" WHERE "tasks"."project_id" = ?[0m  [["project_id", 1]]
  ↳ app/models/project.rb:19:in `all?'
  [1m[35m (0.0ms)[0m  [1m[34mSELECT COUNT(*) FROM "tasks" WHERE "tasks"."project_id" = ?[0m  [["project_id", 1]]
  ↳ app/models/project.rb:38:in `total_tasks'
  [1m[35mCACHE  (0.0ms)[0m  [1m[34mSELECT COUNT(*) FROM "tasks" WHERE "tasks"."project_id" = ?[0m  [["project_id", 1]]
  ↳ app/models/project.rb:38:in `total_tasks'
  Rendered projects/index.html.erb within layouts/application (Duration: 2.6ms | Allocations: 3919)
[Webpacker] Everything's up-to-date. Nothing to do
Completed 200 OK in 10ms (Views: 6.9ms | ActiveRecord: 1.1ms | Allocations: 8263)


Started GET "/projects/1" for ::1 at 2023-04-18 23:09:55 +0200
Processing by ProjectsController#show as HTML
  Parameters: {"id"=>"1"}
  [1m[36mUser Load (0.1ms)[0m  [1m[34mSELECT "users".* FROM "users" WHERE "users"."id" = ? ORDER BY "users"."id" ASC LIMIT ?[0m  [["id", 1], ["LIMIT", 1]]
  [1m[36mProject Load (0.1ms)[0m  [1m[34mSELECT "projects".* FROM "projects" WHERE "projects"."user_id" = ? AND "projects"."id" = ? LIMIT ?[0m  [["user_id", 1], ["id", 1], ["LIMIT", 1]]
  ↳ app/controllers/projects_controller.rb:69:in `set_project'
  Rendering projects/show.html.erb within layouts/application
  [1m[36mTask Load (0.0ms)[0m  [1m[34mSELECT "tasks".* FROM "tasks" WHERE "tasks"."project_id" = ?[0m  [["project_id", 1]]
  ↳ app/views/projects/show.html.erb:38
  Rendered projects/show.html.erb within layouts/application (Duration: 1.3ms | Allocations: 2107)
[Webpacker] Everything's up-to-date. Nothing to do
Completed 200 OK in 5ms (Views: 3.1ms | ActiveRecord: 0.2ms | Allocations: 7495)


Started GET "/projects/1/tasks/1/edit" for ::1 at 2023-04-18 23:16:53 +0200
  [1m[35m (0.0ms)[0m  [1m[34mSELECT sqlite_version(*)[0m
Processing by TasksController#edit as HTML
  Parameters: {"project_id"=>"1", "id"=>"1"}
  [1m[36mUser Load (0.6ms)[0m  [1m[34mSELECT "users".* FROM "users" WHERE "users"."id" = ? ORDER BY "users"."id" ASC LIMIT ?[0m  [["id", 1], ["LIMIT", 1]]
  [1m[36mProject Load (0.2ms)[0m  [1m[34mSELECT "projects".* FROM "projects" WHERE "projects"."user_id" = ? AND "projects"."id" = ? LIMIT ?[0m  [["user_id", 1], ["id", 1], ["LIMIT", 1]]
  ↳ app/controllers/tasks_controller.rb:54:in `set_project'
  [1m[36mTask Load (0.1ms)[0m  [1m[34mSELECT "tasks".* FROM "tasks" WHERE "tasks"."project_id" = ? AND "tasks"."id" = ? LIMIT ?[0m  [["project_id", 1], ["id", 1], ["LIMIT", 1]]
  ↳ app/controllers/tasks_controller.rb:58:in `set_task'
  Rendering tasks/edit.html.erb within layouts/application
  Rendered tasks/_form.html.erb (Duration: 2.1ms | Allocations: 1963)
  Rendered tasks/edit.html.erb within layouts/application (Duration: 3.0ms | Allocations: 2371)
[Webpacker] Everything's up-to-date. Nothing to do
Completed 200 OK in 14ms (Views: 8.1ms | ActiveRecord: 0.9ms | Allocations: 9209)


Started GET "/projects/1" for ::1 at 2023-04-18 23:16:56 +0200
Processing by ProjectsController#show as HTML
  Parameters: {"id"=>"1"}
  [1m[36mUser Load (0.1ms)[0m  [1m[34mSELECT "users".* FROM "users" WHERE "users"."id" = ? ORDER BY "users"."id" ASC LIMIT ?[0m  [["id", 1], ["LIMIT", 1]]
  [1m[36mProject Load (0.1ms)[0m  [1m[34mSELECT "projects".* FROM "projects" WHERE "projects"."user_id" = ? AND "projects"."id" = ? LIMIT ?[0m  [["user_id", 1], ["id", 1], ["LIMIT", 1]]
  ↳ app/controllers/projects_controller.rb:69:in `set_project'
  Rendering projects/show.html.erb within layouts/application
  [1m[36mTask Load (0.3ms)[0m  [1m[34mSELECT "tasks".* FROM "tasks" WHERE "tasks"."project_id" = ?[0m  [["project_id", 1]]
  ↳ app/views/projects/show.html.erb:38
  Rendered projects/show.html.erb within layouts/application (Duration: 1.6ms | Allocations: 2142)
[Webpacker] Everything's up-to-date. Nothing to do
Completed 200 OK in 6ms (Views: 3.3ms | ActiveRecord: 0.5ms | Allocations: 7531)


Started GET "/projects" for ::1 at 2023-04-18 23:17:02 +0200
Processing by ProjectsController#index as HTML
  [1m[36mUser Load (0.1ms)[0m  [1m[34mSELECT "users".* FROM "users" WHERE "users"."id" = ? ORDER BY "users"."id" ASC LIMIT ?[0m  [["id", 1], ["LIMIT", 1]]
  Rendering projects/index.html.erb within layouts/application
  [1m[36mProject Load (0.1ms)[0m  [1m[34mSELECT "projects".* FROM "projects" WHERE "projects"."user_id" = ?[0m  [["user_id", 1]]
  ↳ app/views/projects/index.html.erb:8
  [1m[36mTask Exists? (0.0ms)[0m  [1m[34mSELECT 1 AS one FROM "tasks" WHERE "tasks"."project_id" = ? LIMIT ?[0m  [["project_id", 1], ["LIMIT", 1]]
  ↳ app/models/project.rb:17:in `status'
  [1m[36mTask Load (0.0ms)[0m  [1m[34mSELECT "tasks".* FROM "tasks" WHERE "tasks"."project_id" = ?[0m  [["project_id", 1]]
  ↳ app/models/project.rb:19:in `all?'
  [1m[35m (0.0ms)[0m  [1m[34mSELECT COUNT(*) FROM "tasks" WHERE "tasks"."project_id" = ?[0m  [["project_id", 1]]
  ↳ app/models/project.rb:38:in `total_tasks'
  [1m[35mCACHE  (0.0ms)[0m  [1m[34mSELECT COUNT(*) FROM "tasks" WHERE "tasks"."project_id" = ?[0m  [["project_id", 1]]
  ↳ app/models/project.rb:38:in `total_tasks'
  Rendered projects/index.html.erb within layouts/application (Duration: 2.0ms | Allocations: 3901)
[Webpacker] Everything's up-to-date. Nothing to do
Completed 200 OK in 5ms (Views: 3.7ms | ActiveRecord: 0.3ms | Allocations: 8205)


Started GET "/projects/1" for ::1 at 2023-04-18 23:17:03 +0200
Processing by ProjectsController#show as HTML
  Parameters: {"id"=>"1"}
  [1m[36mUser Load (0.1ms)[0m  [1m[34mSELECT "users".* FROM "users" WHERE "users"."id" = ? ORDER BY "users"."id" ASC LIMIT ?[0m  [["id", 1], ["LIMIT", 1]]
  [1m[36mProject Load (0.0ms)[0m  [1m[34mSELECT "projects".* FROM "projects" WHERE "projects"."user_id" = ? AND "projects"."id" = ? LIMIT ?[0m  [["user_id", 1], ["id", 1], ["LIMIT", 1]]
  ↳ app/controllers/projects_controller.rb:69:in `set_project'
  Rendering projects/show.html.erb within layouts/application
  [1m[36mTask Load (0.1ms)[0m  [1m[34mSELECT "tasks".* FROM "tasks" WHERE "tasks"."project_id" = ?[0m  [["project_id", 1]]
  ↳ app/views/projects/show.html.erb:38
  Rendered projects/show.html.erb within layouts/application (Duration: 3.7ms | Allocations: 2109)
[Webpacker] Everything's up-to-date. Nothing to do
Completed 200 OK in 7ms (Views: 5.4ms | ActiveRecord: 0.2ms | Allocations: 7482)


